CRITICAL - 2022-08-08 02:56:48 --> syntax error, unexpected 'echo' (T_ECHO), expecting ';' or ','
in APPPATH\Views\tophead\tophead.php on line 90.
 1 SYSTEMPATH\View\View.php(216): CodeIgniter\View\View->CodeIgniter\View\{closure}()
 2 SYSTEMPATH\Common.php(1135): CodeIgniter\View\View->render('tophead/tophead', [], true)
 3 APPPATH\Views\template.php(4): view('tophead/tophead')
 4 SYSTEMPATH\View\View.php(213): include('APPPATH\\Views\\template.php')
 5 SYSTEMPATH\View\View.php(216): CodeIgniter\View\View->CodeIgniter\View\{closure}()
 6 SYSTEMPATH\Common.php(1135): CodeIgniter\View\View->render('template', [], true)
 7 APPPATH\Controllers\Home.php(50): view('template', [...])
 8 SYSTEMPATH\CodeIgniter.php(896): App\Controllers\Home->index()
 9 SYSTEMPATH\CodeIgniter.php(466): CodeIgniter\CodeIgniter->runController(Object(App\Controllers\Home))
10 SYSTEMPATH\CodeIgniter.php(349): CodeIgniter\CodeIgniter->handleRequest(null, Object(Config\Cache), false)
11 FCPATH\index.php(55): CodeIgniter\CodeIgniter->run()
CRITICAL - 2022-08-08 05:45:57 --> Cannot use object of type CodeIgniter\Session\Session as array
in APPPATH\Views\tophead\tophead.php on line 84.
 1 SYSTEMPATH\View\View.php(213): include()
 2 SYSTEMPATH\View\View.php(216): CodeIgniter\View\View->CodeIgniter\View\{closure}()
 3 SYSTEMPATH\Common.php(1135): CodeIgniter\View\View->render('tophead/tophead', [], true)
 4 APPPATH\Views\template.php(4): view('tophead/tophead')
 5 SYSTEMPATH\View\View.php(213): include('APPPATH\\Views\\template.php')
 6 SYSTEMPATH\View\View.php(216): CodeIgniter\View\View->CodeIgniter\View\{closure}()
 7 SYSTEMPATH\Common.php(1135): CodeIgniter\View\View->render('template', [], true)
 8 APPPATH\Controllers\Home.php(50): view('template', [...])
 9 SYSTEMPATH\CodeIgniter.php(896): App\Controllers\Home->index()
10 SYSTEMPATH\CodeIgniter.php(466): CodeIgniter\CodeIgniter->runController(Object(App\Controllers\Home))
11 SYSTEMPATH\CodeIgniter.php(349): CodeIgniter\CodeIgniter->handleRequest(null, Object(Config\Cache), false)
12 FCPATH\index.php(55): CodeIgniter\CodeIgniter->run()
CRITICAL - 2022-08-08 05:46:18 --> Object of class CodeIgniter\Session\Session could not be converted to string
in APPPATH\Views\tophead\tophead.php on line 84.
 1 SYSTEMPATH\View\View.php(213): include()
 2 SYSTEMPATH\View\View.php(216): CodeIgniter\View\View->CodeIgniter\View\{closure}()
 3 SYSTEMPATH\Common.php(1135): CodeIgniter\View\View->render('tophead/tophead', [], true)
 4 APPPATH\Views\template.php(4): view('tophead/tophead')
 5 SYSTEMPATH\View\View.php(213): include('APPPATH\\Views\\template.php')
 6 SYSTEMPATH\View\View.php(216): CodeIgniter\View\View->CodeIgniter\View\{closure}()
 7 SYSTEMPATH\Common.php(1135): CodeIgniter\View\View->render('template', [], true)
 8 APPPATH\Controllers\Home.php(50): view('template', [...])
 9 SYSTEMPATH\CodeIgniter.php(896): App\Controllers\Home->index()
10 SYSTEMPATH\CodeIgniter.php(466): CodeIgniter\CodeIgniter->runController(Object(App\Controllers\Home))
11 SYSTEMPATH\CodeIgniter.php(349): CodeIgniter\CodeIgniter->handleRequest(null, Object(Config\Cache), false)
12 FCPATH\index.php(55): CodeIgniter\CodeIgniter->run()
CRITICAL - 2022-08-08 05:53:34 --> syntax error, unexpected 'else' (T_ELSE)
in APPPATH\Controllers\Home.php on line 17.
 1 SYSTEMPATH\Autoloader\Autoloader.php(261): CodeIgniter\Autoloader\Autoloader->includeFile('APPPATH\\Controllers\\Home.php')
 2 SYSTEMPATH\Autoloader\Autoloader.php(239): CodeIgniter\Autoloader\Autoloader->loadInNamespace('App\\Controllers\\Home')
 3 [internal function]: CodeIgniter\Autoloader\Autoloader->loadClass('App\\Controllers\\Home')
 4 [internal function]: spl_autoload_call('App\\Controllers\\Home')
 5 SYSTEMPATH\CodeIgniter.php(846): class_exists('\\App\\Controllers\\Home', true)
 6 SYSTEMPATH\CodeIgniter.php(453): CodeIgniter\CodeIgniter->startController()
 7 SYSTEMPATH\CodeIgniter.php(349): CodeIgniter\CodeIgniter->handleRequest(null, Object(Config\Cache), false)
 8 FCPATH\index.php(55): CodeIgniter\CodeIgniter->run()
CRITICAL - 2022-08-08 05:54:07 --> session_destroy(): Trying to destroy uninitialized session
in APPPATH\Controllers\Home.php on line 14.
 1 [internal function]: CodeIgniter\Debug\Exceptions->errorHandler(2, 'session_destroy(): Trying to destroy uninitialized session', 'APPPATH\\Controllers\\Home.php', 14, [...])
 2 APPPATH\Controllers\Home.php(14): session_destroy()
 3 SYSTEMPATH\CodeIgniter.php(895): App\Controllers\Home->_remap('index')
 4 SYSTEMPATH\CodeIgniter.php(466): CodeIgniter\CodeIgniter->runController(Object(App\Controllers\Home))
 5 SYSTEMPATH\CodeIgniter.php(349): CodeIgniter\CodeIgniter->handleRequest(null, Object(Config\Cache), false)
 6 FCPATH\index.php(55): CodeIgniter\CodeIgniter->run()
CRITICAL - 2022-08-08 05:54:35 --> ini_set(): A session is active. You cannot change the session module's ini settings at this time
in SYSTEMPATH\Session\Handlers\FileHandler.php on line 71.
 1 [internal function]: CodeIgniter\Debug\Exceptions->errorHandler(2, 'ini_set(): A session is active. You cannot change the session module\'s ini settings at this time', 'SYSTEMPATH\\Session\\Handlers\\FileHandler.php', 71, [...])
 2 SYSTEMPATH\Session\Handlers\FileHandler.php(71): ini_set('session.save_path', 'FCPATH\\writable\\session')
 3 SYSTEMPATH\Config\Services.php(606): CodeIgniter\Session\Handlers\FileHandler->__construct(Object(Config\App), '::1')
 4 SYSTEMPATH\Config\BaseService.php(251): CodeIgniter\Config\Services::session(Object(Config\App), false)
 5 SYSTEMPATH\Config\BaseService.php(192): CodeIgniter\Config\BaseService::__callStatic('session', [...])
 6 SYSTEMPATH\Config\Services.php(585): CodeIgniter\Config\BaseService::getSharedInstance('session', null)
 7 SYSTEMPATH\Config\BaseService.php(251): CodeIgniter\Config\Services::session()
 8 APPPATH\Views\tophead\tophead.php(81): CodeIgniter\Config\BaseService::__callStatic('session', [])
 9 SYSTEMPATH\View\View.php(213): include('APPPATH\\Views\\tophead\\tophead.php')
10 SYSTEMPATH\View\View.php(216): CodeIgniter\View\View->CodeIgniter\View\{closure}()
11 SYSTEMPATH\Common.php(1135): CodeIgniter\View\View->render('tophead/tophead', [], true)
12 APPPATH\Views\template.php(4): view('tophead/tophead')
13 SYSTEMPATH\View\View.php(213): include('APPPATH\\Views\\template.php')
14 SYSTEMPATH\View\View.php(216): CodeIgniter\View\View->CodeIgniter\View\{closure}()
15 SYSTEMPATH\Common.php(1135): CodeIgniter\View\View->render('template', [], true)
16 APPPATH\Controllers\Home.php(62): view('template', [...])
17 APPPATH\Controllers\Home.php(16): App\Controllers\Home->index()
18 SYSTEMPATH\CodeIgniter.php(895): App\Controllers\Home->_remap('index')
19 SYSTEMPATH\CodeIgniter.php(466): CodeIgniter\CodeIgniter->runController(Object(App\Controllers\Home))
20 SYSTEMPATH\CodeIgniter.php(349): CodeIgniter\CodeIgniter->handleRequest(null, Object(Config\Cache), false)
21 FCPATH\index.php(55): CodeIgniter\CodeIgniter->run()
CRITICAL - 2022-08-08 05:55:20 --> ini_set(): A session is active. You cannot change the session module's ini settings at this time
in SYSTEMPATH\Session\Handlers\FileHandler.php on line 71.
 1 [internal function]: CodeIgniter\Debug\Exceptions->errorHandler(2, 'ini_set(): A session is active. You cannot change the session module\'s ini settings at this time', 'SYSTEMPATH\\Session\\Handlers\\FileHandler.php', 71, [...])
 2 SYSTEMPATH\Session\Handlers\FileHandler.php(71): ini_set('session.save_path', 'FCPATH\\writable\\session')
 3 SYSTEMPATH\Config\Services.php(606): CodeIgniter\Session\Handlers\FileHandler->__construct(Object(Config\App), '::1')
 4 SYSTEMPATH\Config\BaseService.php(251): CodeIgniter\Config\Services::session(Object(Config\App), false)
 5 SYSTEMPATH\Config\BaseService.php(192): CodeIgniter\Config\BaseService::__callStatic('session', [...])
 6 SYSTEMPATH\Config\Services.php(585): CodeIgniter\Config\BaseService::getSharedInstance('session', null)
 7 SYSTEMPATH\Config\BaseService.php(251): CodeIgniter\Config\Services::session()
 8 APPPATH\Views\tophead\tophead.php(81): CodeIgniter\Config\BaseService::__callStatic('session', [])
 9 SYSTEMPATH\View\View.php(213): include('APPPATH\\Views\\tophead\\tophead.php')
10 SYSTEMPATH\View\View.php(216): CodeIgniter\View\View->CodeIgniter\View\{closure}()
11 SYSTEMPATH\Common.php(1135): CodeIgniter\View\View->render('tophead/tophead', [], true)
12 APPPATH\Views\template.php(4): view('tophead/tophead')
13 SYSTEMPATH\View\View.php(213): include('APPPATH\\Views\\template.php')
14 SYSTEMPATH\View\View.php(216): CodeIgniter\View\View->CodeIgniter\View\{closure}()
15 SYSTEMPATH\Common.php(1135): CodeIgniter\View\View->render('template', [], true)
16 APPPATH\Controllers\Home.php(62): view('template', [...])
17 APPPATH\Controllers\Home.php(16): App\Controllers\Home->index()
18 SYSTEMPATH\CodeIgniter.php(895): App\Controllers\Home->_remap('index')
19 SYSTEMPATH\CodeIgniter.php(466): CodeIgniter\CodeIgniter->runController(Object(App\Controllers\Home))
20 SYSTEMPATH\CodeIgniter.php(349): CodeIgniter\CodeIgniter->handleRequest(null, Object(Config\Cache), false)
21 FCPATH\index.php(55): CodeIgniter\CodeIgniter->run()
CRITICAL - 2022-08-08 05:55:26 --> session_destroy(): Trying to destroy uninitialized session
in APPPATH\Controllers\Home.php on line 14.
 1 [internal function]: CodeIgniter\Debug\Exceptions->errorHandler(2, 'session_destroy(): Trying to destroy uninitialized session', 'APPPATH\\Controllers\\Home.php', 14, [...])
 2 APPPATH\Controllers\Home.php(14): session_destroy()
 3 SYSTEMPATH\CodeIgniter.php(895): App\Controllers\Home->_remap('index')
 4 SYSTEMPATH\CodeIgniter.php(466): CodeIgniter\CodeIgniter->runController(Object(App\Controllers\Home))
 5 SYSTEMPATH\CodeIgniter.php(349): CodeIgniter\CodeIgniter->handleRequest(null, Object(Config\Cache), false)
 6 FCPATH\index.php(55): CodeIgniter\CodeIgniter->run()
CRITICAL - 2022-08-08 06:26:19 --> syntax error, unexpected '}'
in APPPATH\Controllers\Login.php on line 25.
 1 SYSTEMPATH\Router\Router.php(499): CodeIgniter\Router\AutoRouter->getRoute('login/auth/directHome')
 2 SYSTEMPATH\Router\Router.php(205): CodeIgniter\Router\Router->autoRoute('login/auth/directHome')
 3 SYSTEMPATH\CodeIgniter.php(771): CodeIgniter\Router\Router->handle('login/auth/directHome')
 4 SYSTEMPATH\CodeIgniter.php(415): CodeIgniter\CodeIgniter->tryToRouteIt(Object(CodeIgniter\Router\RouteCollection))
 5 SYSTEMPATH\CodeIgniter.php(349): CodeIgniter\CodeIgniter->handleRequest(null, Object(Config\Cache), false)
 6 FCPATH\index.php(55): CodeIgniter\CodeIgniter->run()
CRITICAL - 2022-08-08 06:26:39 --> syntax error, unexpected 'else' (T_ELSE), expecting function (T_FUNCTION) or const (T_CONST)
in APPPATH\Controllers\Login.php on line 51.
 1 SYSTEMPATH\Router\Router.php(499): CodeIgniter\Router\AutoRouter->getRoute('login/auth/directHome')
 2 SYSTEMPATH\Router\Router.php(205): CodeIgniter\Router\Router->autoRoute('login/auth/directHome')
 3 SYSTEMPATH\CodeIgniter.php(771): CodeIgniter\Router\Router->handle('login/auth/directHome')
 4 SYSTEMPATH\CodeIgniter.php(415): CodeIgniter\CodeIgniter->tryToRouteIt(Object(CodeIgniter\Router\RouteCollection))
 5 SYSTEMPATH\CodeIgniter.php(349): CodeIgniter\CodeIgniter->handleRequest(null, Object(Config\Cache), false)
 6 FCPATH\index.php(55): CodeIgniter\CodeIgniter->run()
CRITICAL - 2022-08-08 06:28:34 --> syntax error, unexpected 'else' (T_ELSE)
in APPPATH\Controllers\Login.php on line 54.
 1 SYSTEMPATH\Router\Router.php(499): CodeIgniter\Router\AutoRouter->getRoute('login/auth/directHome')
 2 SYSTEMPATH\Router\Router.php(205): CodeIgniter\Router\Router->autoRoute('login/auth/directHome')
 3 SYSTEMPATH\CodeIgniter.php(771): CodeIgniter\Router\Router->handle('login/auth/directHome')
 4 SYSTEMPATH\CodeIgniter.php(415): CodeIgniter\CodeIgniter->tryToRouteIt(Object(CodeIgniter\Router\RouteCollection))
 5 SYSTEMPATH\CodeIgniter.php(349): CodeIgniter\CodeIgniter->handleRequest(null, Object(Config\Cache), false)
 6 FCPATH\index.php(55): CodeIgniter\CodeIgniter->run()
CRITICAL - 2022-08-08 06:33:39 --> syntax error, unexpected '}', expecting ';'
in APPPATH\Controllers\Login.php on line 27.
 1 SYSTEMPATH\Router\Router.php(499): CodeIgniter\Router\AutoRouter->getRoute('login')
 2 SYSTEMPATH\Router\Router.php(205): CodeIgniter\Router\Router->autoRoute('login')
 3 SYSTEMPATH\CodeIgniter.php(771): CodeIgniter\Router\Router->handle('login')
 4 SYSTEMPATH\CodeIgniter.php(415): CodeIgniter\CodeIgniter->tryToRouteIt(Object(CodeIgniter\Router\RouteCollection))
 5 SYSTEMPATH\CodeIgniter.php(349): CodeIgniter\CodeIgniter->handleRequest(null, Object(Config\Cache), false)
 6 FCPATH\index.php(55): CodeIgniter\CodeIgniter->run()
CRITICAL - 2022-08-08 06:33:56 --> syntax error, unexpected 'else' (T_ELSE)
in APPPATH\Controllers\Login.php on line 55.
 1 SYSTEMPATH\Router\Router.php(499): CodeIgniter\Router\AutoRouter->getRoute('login')
 2 SYSTEMPATH\Router\Router.php(205): CodeIgniter\Router\Router->autoRoute('login')
 3 SYSTEMPATH\CodeIgniter.php(771): CodeIgniter\Router\Router->handle('login')
 4 SYSTEMPATH\CodeIgniter.php(415): CodeIgniter\CodeIgniter->tryToRouteIt(Object(CodeIgniter\Router\RouteCollection))
 5 SYSTEMPATH\CodeIgniter.php(349): CodeIgniter\CodeIgniter->handleRequest(null, Object(Config\Cache), false)
 6 FCPATH\index.php(55): CodeIgniter\CodeIgniter->run()
CRITICAL - 2022-08-08 06:59:13 --> Too few arguments to function App\Controllers\Login::auth(), 0 passed in C:\xampp\htdocs\devignProject\system\CodeIgniter.php on line 896 and exactly 1 expected
in APPPATH\Controllers\Login.php on line 15.
 1 SYSTEMPATH\CodeIgniter.php(896): App\Controllers\Login->auth()
 2 SYSTEMPATH\CodeIgniter.php(466): CodeIgniter\CodeIgniter->runController(Object(App\Controllers\Login))
 3 SYSTEMPATH\CodeIgniter.php(349): CodeIgniter\CodeIgniter->handleRequest(null, Object(Config\Cache), false)
 4 FCPATH\index.php(55): CodeIgniter\CodeIgniter->run()
CRITICAL - 2022-08-08 07:18:16 --> Too few arguments to function App\Controllers\Login::auth(), 0 passed in C:\xampp\htdocs\devignProject\system\CodeIgniter.php on line 896 and exactly 1 expected
in APPPATH\Controllers\Login.php on line 15.
 1 SYSTEMPATH\CodeIgniter.php(896): App\Controllers\Login->auth()
 2 SYSTEMPATH\CodeIgniter.php(466): CodeIgniter\CodeIgniter->runController(Object(App\Controllers\Login))
 3 SYSTEMPATH\CodeIgniter.php(349): CodeIgniter\CodeIgniter->handleRequest(null, Object(Config\Cache), false)
 4 FCPATH\index.php(55): CodeIgniter\CodeIgniter->run()
CRITICAL - 2022-08-08 07:18:38 --> Too few arguments to function App\Controllers\Login::auth(), 0 passed in C:\xampp\htdocs\devignProject\system\CodeIgniter.php on line 896 and exactly 1 expected
in APPPATH\Controllers\Login.php on line 15.
 1 SYSTEMPATH\CodeIgniter.php(896): App\Controllers\Login->auth()
 2 SYSTEMPATH\CodeIgniter.php(466): CodeIgniter\CodeIgniter->runController(Object(App\Controllers\Login))
 3 SYSTEMPATH\CodeIgniter.php(349): CodeIgniter\CodeIgniter->handleRequest(null, Object(Config\Cache), false)
 4 FCPATH\index.php(55): CodeIgniter\CodeIgniter->run()
