ERROR - 2022-08-10 08:22:40 --> Unknown column 'admin_page_name' in 'field list'
CRITICAL - 2022-08-10 08:22:40 --> Unknown column 'admin_page_name' in 'field list'
in SYSTEMPATH\Database\MySQLi\Connection.php on line 292.
 1 SYSTEMPATH\Database\MySQLi\Connection.php(292): mysqli->query('INSERT INTO `admin_pages_grand_master` (`admin_page_id`, `admin_page_name`, `admin_view_path_page`) VALUES (NULL, \'dddddd\', \'rererer\')', 0)
 2 SYSTEMPATH\Database\BaseConnection.php(695): CodeIgniter\Database\MySQLi\Connection->execute('INSERT INTO `admin_pages_grand_master` (`admin_page_id`, `admin_page_name`, `admin_view_path_page`) VALUES (NULL, \'dddddd\', \'rererer\')')
 3 SYSTEMPATH\Database\BaseConnection.php(609): CodeIgniter\Database\BaseConnection->simpleQuery('INSERT INTO `admin_pages_grand_master` (`admin_page_id`, `admin_page_name`, `admin_view_path_page`) VALUES (NULL, \'dddddd\', \'rererer\')')
 4 SYSTEMPATH\Database\BaseBuilder.php(1904): CodeIgniter\Database\BaseConnection->query('INSERT INTO `admin_pages_grand_master` (`admin_page_id`, `admin_page_name`, `admin_view_path_page`) VALUES (:admin_page_id:, :admin_page_name:, :admin_view_path_page:)', [...], false)
 5 APPPATH\Models\AdminPagesGrandMasterModel.php(21): CodeIgniter\Database\BaseBuilder->insert([...])
 6 APPPATH\Controllers\AdminPagesGrandMaster.php(32): App\Models\AdminPagesGrandMasterModel->insert_data([...])
 7 SYSTEMPATH\CodeIgniter.php(896): App\Controllers\AdminPagesGrandMaster->store()
 8 SYSTEMPATH\CodeIgniter.php(466): CodeIgniter\CodeIgniter->runController(Object(App\Controllers\AdminPagesGrandMaster))
 9 SYSTEMPATH\CodeIgniter.php(349): CodeIgniter\CodeIgniter->handleRequest(null, Object(Config\Cache), false)
10 FCPATH\index.php(55): CodeIgniter\CodeIgniter->run()
ERROR - 2022-08-10 08:22:58 --> Unknown column 'admin_page_name' in 'field list'
CRITICAL - 2022-08-10 08:22:58 --> Unknown column 'admin_page_name' in 'field list'
in SYSTEMPATH\Database\MySQLi\Connection.php on line 292.
 1 SYSTEMPATH\Database\MySQLi\Connection.php(292): mysqli->query('INSERT INTO `admin_pages_grand_master` (`admin_page_id`, `admin_page_name`, `admin_view_path_page`) VALUES (NULL, NULL, NULL)', 0)
 2 SYSTEMPATH\Database\BaseConnection.php(695): CodeIgniter\Database\MySQLi\Connection->execute('INSERT INTO `admin_pages_grand_master` (`admin_page_id`, `admin_page_name`, `admin_view_path_page`) VALUES (NULL, NULL, NULL)')
 3 SYSTEMPATH\Database\BaseConnection.php(609): CodeIgniter\Database\BaseConnection->simpleQuery('INSERT INTO `admin_pages_grand_master` (`admin_page_id`, `admin_page_name`, `admin_view_path_page`) VALUES (NULL, NULL, NULL)')
 4 SYSTEMPATH\Database\BaseBuilder.php(1904): CodeIgniter\Database\BaseConnection->query('INSERT INTO `admin_pages_grand_master` (`admin_page_id`, `admin_page_name`, `admin_view_path_page`) VALUES (:admin_page_id:, :admin_page_name:, :admin_view_path_page:)', [...], false)
 5 APPPATH\Models\AdminPagesGrandMasterModel.php(21): CodeIgniter\Database\BaseBuilder->insert([...])
 6 APPPATH\Controllers\AdminPagesGrandMaster.php(32): App\Models\AdminPagesGrandMasterModel->insert_data([...])
 7 SYSTEMPATH\CodeIgniter.php(896): App\Controllers\AdminPagesGrandMaster->store()
 8 SYSTEMPATH\CodeIgniter.php(466): CodeIgniter\CodeIgniter->runController(Object(App\Controllers\AdminPagesGrandMaster))
 9 SYSTEMPATH\CodeIgniter.php(349): CodeIgniter\CodeIgniter->handleRequest(null, Object(Config\Cache), false)
10 FCPATH\index.php(55): CodeIgniter\CodeIgniter->run()
CRITICAL - 2022-08-10 11:36:34 --> syntax error, unexpected '?>', expecting function (T_FUNCTION) or const (T_CONST)
in APPPATH\Controllers\AdminPagesGrandMaster.php on line 103.
 1 SYSTEMPATH\Router\Router.php(499): CodeIgniter\Router\AutoRouter->getRoute('adminpagesgrandmaster')
 2 SYSTEMPATH\Router\Router.php(205): CodeIgniter\Router\Router->autoRoute('adminpagesgrandmaster')
 3 SYSTEMPATH\CodeIgniter.php(771): CodeIgniter\Router\Router->handle('adminpagesgrandmaster')
 4 SYSTEMPATH\CodeIgniter.php(415): CodeIgniter\CodeIgniter->tryToRouteIt(Object(CodeIgniter\Router\RouteCollection))
 5 SYSTEMPATH\CodeIgniter.php(349): CodeIgniter\CodeIgniter->handleRequest(null, Object(Config\Cache), false)
 6 FCPATH\index.php(55): CodeIgniter\CodeIgniter->run()
CRITICAL - 2022-08-10 11:37:58 --> syntax error, unexpected '?>', expecting function (T_FUNCTION) or const (T_CONST)
in APPPATH\Controllers\AdminPagesGrandMaster.php on line 103.
 1 SYSTEMPATH\Router\Router.php(499): CodeIgniter\Router\AutoRouter->getRoute('adminpagesgrandmaster')
 2 SYSTEMPATH\Router\Router.php(205): CodeIgniter\Router\Router->autoRoute('adminpagesgrandmaster')
 3 SYSTEMPATH\CodeIgniter.php(771): CodeIgniter\Router\Router->handle('adminpagesgrandmaster')
 4 SYSTEMPATH\CodeIgniter.php(415): CodeIgniter\CodeIgniter->tryToRouteIt(Object(CodeIgniter\Router\RouteCollection))
 5 SYSTEMPATH\CodeIgniter.php(349): CodeIgniter\CodeIgniter->handleRequest(null, Object(Config\Cache), false)
 6 FCPATH\index.php(55): CodeIgniter\CodeIgniter->run()
CRITICAL - 2022-08-10 11:38:22 --> syntax error, unexpected '?>', expecting function (T_FUNCTION) or const (T_CONST)
in APPPATH\Controllers\AdminPagesGrandMaster.php on line 103.
 1 SYSTEMPATH\Router\Router.php(499): CodeIgniter\Router\AutoRouter->getRoute('adminpagesgrandmaster/store')
 2 SYSTEMPATH\Router\Router.php(205): CodeIgniter\Router\Router->autoRoute('adminpagesgrandmaster/store')
 3 SYSTEMPATH\CodeIgniter.php(771): CodeIgniter\Router\Router->handle('adminpagesgrandmaster/store')
 4 SYSTEMPATH\CodeIgniter.php(415): CodeIgniter\CodeIgniter->tryToRouteIt(Object(CodeIgniter\Router\RouteCollection))
 5 SYSTEMPATH\CodeIgniter.php(349): CodeIgniter\CodeIgniter->handleRequest(null, Object(Config\Cache), false)
 6 FCPATH\index.php(55): CodeIgniter\CodeIgniter->run()
CRITICAL - 2022-08-10 11:39:40 --> Object of class App\Models\AdminPagesGrandMasterModel could not be converted to string
in APPPATH\Controllers\AdminPagesGrandMaster.php on line 16.
 1 SYSTEMPATH\CodeIgniter.php(896): App\Controllers\AdminPagesGrandMaster->index()
 2 SYSTEMPATH\CodeIgniter.php(466): CodeIgniter\CodeIgniter->runController(Object(App\Controllers\AdminPagesGrandMaster))
 3 SYSTEMPATH\CodeIgniter.php(349): CodeIgniter\CodeIgniter->handleRequest(null, Object(Config\Cache), false)
 4 FCPATH\index.php(55): CodeIgniter\CodeIgniter->run()
CRITICAL - 2022-08-10 12:12:37 --> Undefined variable: db
in APPPATH\Models\AdminPagesGrandMasterModel.php on line 22.
 1 APPPATH\Models\AdminPagesGrandMasterModel.php(22): CodeIgniter\Debug\Exceptions->errorHandler(8, 'Undefined variable: db', 'APPPATH\\Models\\AdminPagesGrandMasterModel.php', 22, [...])
 2 APPPATH\Controllers\AdminPagesGrandMaster.php(16): App\Models\AdminPagesGrandMasterModel->getDistinctPageNames()
 3 SYSTEMPATH\CodeIgniter.php(896): App\Controllers\AdminPagesGrandMaster->index()
 4 SYSTEMPATH\CodeIgniter.php(466): CodeIgniter\CodeIgniter->runController(Object(App\Controllers\AdminPagesGrandMaster))
 5 SYSTEMPATH\CodeIgniter.php(349): CodeIgniter\CodeIgniter->handleRequest(null, Object(Config\Cache), false)
 6 FCPATH\index.php(55): CodeIgniter\CodeIgniter->run()
CRITICAL - 2022-08-10 12:13:29 --> Cannot use object of type stdClass as array
in APPPATH\Views\admin\adminpagesgrandmasterList.php on line 108.
 1 SYSTEMPATH\View\View.php(213): include()
 2 SYSTEMPATH\View\View.php(216): CodeIgniter\View\View->CodeIgniter\View\{closure}()
 3 SYSTEMPATH\Common.php(1135): CodeIgniter\View\View->render('admin/adminpagesgrandmasterlist', [], true)
 4 APPPATH\Controllers\AdminPagesGrandMaster.php(17): view('admin/adminpagesgrandmasterlist', [...])
 5 SYSTEMPATH\CodeIgniter.php(896): App\Controllers\AdminPagesGrandMaster->index()
 6 SYSTEMPATH\CodeIgniter.php(466): CodeIgniter\CodeIgniter->runController(Object(App\Controllers\AdminPagesGrandMaster))
 7 SYSTEMPATH\CodeIgniter.php(349): CodeIgniter\CodeIgniter->handleRequest(null, Object(Config\Cache), false)
 8 FCPATH\index.php(55): CodeIgniter\CodeIgniter->run()
CRITICAL - 2022-08-10 12:16:25 --> Undefined property: stdClass::$pagename
in APPPATH\Views\admin\adminpagesgrandmasterList.php on line 108.
 1 APPPATH\Views\admin\adminpagesgrandmasterList.php(108): CodeIgniter\Debug\Exceptions->errorHandler(8, 'Undefined property: stdClass::$pagename', 'APPPATH\\Views\\admin\\adminpagesgrandmasterList.php', 108, [...])
 2 SYSTEMPATH\View\View.php(213): include('APPPATH\\Views\\admin\\adminpagesgrandmasterList.php')
 3 SYSTEMPATH\View\View.php(216): CodeIgniter\View\View->CodeIgniter\View\{closure}()
 4 SYSTEMPATH\Common.php(1135): CodeIgniter\View\View->render('admin/adminpagesgrandmasterlist', [], true)
 5 APPPATH\Controllers\AdminPagesGrandMaster.php(17): view('admin/adminpagesgrandmasterlist', [...])
 6 SYSTEMPATH\CodeIgniter.php(896): App\Controllers\AdminPagesGrandMaster->index()
 7 SYSTEMPATH\CodeIgniter.php(466): CodeIgniter\CodeIgniter->runController(Object(App\Controllers\AdminPagesGrandMaster))
 8 SYSTEMPATH\CodeIgniter.php(349): CodeIgniter\CodeIgniter->handleRequest(null, Object(Config\Cache), false)
 9 FCPATH\index.php(55): CodeIgniter\CodeIgniter->run()
CRITICAL - 2022-08-10 12:18:02 --> syntax error, unexpected 'echo' (T_ECHO)
in APPPATH\Views\admin\adminpagesgrandmasterList.php on line 108.
 1 SYSTEMPATH\View\View.php(216): CodeIgniter\View\View->CodeIgniter\View\{closure}()
 2 SYSTEMPATH\Common.php(1135): CodeIgniter\View\View->render('admin/adminpagesgrandmasterlist', [], true)
 3 APPPATH\Controllers\AdminPagesGrandMaster.php(17): view('admin/adminpagesgrandmasterlist', [...])
 4 SYSTEMPATH\CodeIgniter.php(896): App\Controllers\AdminPagesGrandMaster->index()
 5 SYSTEMPATH\CodeIgniter.php(466): CodeIgniter\CodeIgniter->runController(Object(App\Controllers\AdminPagesGrandMaster))
 6 SYSTEMPATH\CodeIgniter.php(349): CodeIgniter\CodeIgniter->handleRequest(null, Object(Config\Cache), false)
 7 FCPATH\index.php(55): CodeIgniter\CodeIgniter->run()
CRITICAL - 2022-08-10 12:18:30 --> syntax error, unexpected 'echo' (T_ECHO)
in APPPATH\Views\admin\adminpagesgrandmasterList.php on line 108.
 1 SYSTEMPATH\View\View.php(216): CodeIgniter\View\View->CodeIgniter\View\{closure}()
 2 SYSTEMPATH\Common.php(1135): CodeIgniter\View\View->render('admin/adminpagesgrandmasterlist', [], true)
 3 APPPATH\Controllers\AdminPagesGrandMaster.php(17): view('admin/adminpagesgrandmasterlist', [...])
 4 SYSTEMPATH\CodeIgniter.php(896): App\Controllers\AdminPagesGrandMaster->index()
 5 SYSTEMPATH\CodeIgniter.php(466): CodeIgniter\CodeIgniter->runController(Object(App\Controllers\AdminPagesGrandMaster))
 6 SYSTEMPATH\CodeIgniter.php(349): CodeIgniter\CodeIgniter->handleRequest(null, Object(Config\Cache), false)
 7 FCPATH\index.php(55): CodeIgniter\CodeIgniter->run()
CRITICAL - 2022-08-10 12:18:33 --> syntax error, unexpected 'echo' (T_ECHO)
in APPPATH\Views\admin\adminpagesgrandmasterList.php on line 108.
 1 SYSTEMPATH\View\View.php(216): CodeIgniter\View\View->CodeIgniter\View\{closure}()
 2 SYSTEMPATH\Common.php(1135): CodeIgniter\View\View->render('admin/adminpagesgrandmasterlist', [], true)
 3 APPPATH\Controllers\AdminPagesGrandMaster.php(17): view('admin/adminpagesgrandmasterlist', [...])
 4 SYSTEMPATH\CodeIgniter.php(896): App\Controllers\AdminPagesGrandMaster->index()
 5 SYSTEMPATH\CodeIgniter.php(466): CodeIgniter\CodeIgniter->runController(Object(App\Controllers\AdminPagesGrandMaster))
 6 SYSTEMPATH\CodeIgniter.php(349): CodeIgniter\CodeIgniter->handleRequest(null, Object(Config\Cache), false)
 7 FCPATH\index.php(55): CodeIgniter\CodeIgniter->run()
ERROR - 2022-08-10 12:29:33 --> Column 'admin_page_name' cannot be null
CRITICAL - 2022-08-10 12:29:33 --> Column 'admin_page_name' cannot be null
in SYSTEMPATH\Database\MySQLi\Connection.php on line 292.
 1 SYSTEMPATH\Database\MySQLi\Connection.php(292): mysqli->query('INSERT INTO `admin_pages_grand_master` (`admin_page_id`, `admin_page_name`, `admin_view_path_page`) VALUES (NULL, NULL, NULL)', 0)
 2 SYSTEMPATH\Database\BaseConnection.php(695): CodeIgniter\Database\MySQLi\Connection->execute('INSERT INTO `admin_pages_grand_master` (`admin_page_id`, `admin_page_name`, `admin_view_path_page`) VALUES (NULL, NULL, NULL)')
 3 SYSTEMPATH\Database\BaseConnection.php(609): CodeIgniter\Database\BaseConnection->simpleQuery('INSERT INTO `admin_pages_grand_master` (`admin_page_id`, `admin_page_name`, `admin_view_path_page`) VALUES (NULL, NULL, NULL)')
 4 SYSTEMPATH\Database\BaseBuilder.php(1904): CodeIgniter\Database\BaseConnection->query('INSERT INTO `admin_pages_grand_master` (`admin_page_id`, `admin_page_name`, `admin_view_path_page`) VALUES (:admin_page_id:, :admin_page_name:, :admin_view_path_page:)', [...], false)
 5 APPPATH\Models\AdminPagesGrandMasterModel.php(29): CodeIgniter\Database\BaseBuilder->insert([...])
 6 APPPATH\Controllers\AdminPagesGrandMaster.php(32): App\Models\AdminPagesGrandMasterModel->insert_data([...])
 7 SYSTEMPATH\CodeIgniter.php(896): App\Controllers\AdminPagesGrandMaster->store()
 8 SYSTEMPATH\CodeIgniter.php(466): CodeIgniter\CodeIgniter->runController(Object(App\Controllers\AdminPagesGrandMaster))
 9 SYSTEMPATH\CodeIgniter.php(349): CodeIgniter\CodeIgniter->handleRequest(null, Object(Config\Cache), false)
10 FCPATH\index.php(55): CodeIgniter\CodeIgniter->run()
CRITICAL - 2022-08-10 12:35:50 --> syntax error, unexpected '}', expecting ';'
in APPPATH\Models\AdminPagesGrandMasterModel.php on line 26.
 1 SYSTEMPATH\Autoloader\Autoloader.php(261): CodeIgniter\Autoloader\Autoloader->includeFile('APPPATH\\Models\\AdminPagesGrandMasterModel.php')
 2 SYSTEMPATH\Autoloader\Autoloader.php(239): CodeIgniter\Autoloader\Autoloader->loadInNamespace('App\\Models\\AdminPagesGrandMasterModel')
 3 [internal function]: CodeIgniter\Autoloader\Autoloader->loadClass('App\\Models\\AdminPagesGrandMasterModel')
 4 APPPATH\Controllers\AdminPagesGrandMaster.php(13): spl_autoload_call('App\\Models\\AdminPagesGrandMasterModel')
 5 SYSTEMPATH\CodeIgniter.php(896): App\Controllers\AdminPagesGrandMaster->index()
 6 SYSTEMPATH\CodeIgniter.php(466): CodeIgniter\CodeIgniter->runController(Object(App\Controllers\AdminPagesGrandMaster))
 7 SYSTEMPATH\CodeIgniter.php(349): CodeIgniter\CodeIgniter->handleRequest(null, Object(Config\Cache), false)
 8 FCPATH\index.php(55): CodeIgniter\CodeIgniter->run()
CRITICAL - 2022-08-10 12:36:21 --> syntax error, unexpected '}', expecting ';'
in APPPATH\Models\AdminPagesGrandMasterModel.php on line 26.
 1 SYSTEMPATH\Autoloader\Autoloader.php(261): CodeIgniter\Autoloader\Autoloader->includeFile('APPPATH\\Models\\AdminPagesGrandMasterModel.php')
 2 SYSTEMPATH\Autoloader\Autoloader.php(239): CodeIgniter\Autoloader\Autoloader->loadInNamespace('App\\Models\\AdminPagesGrandMasterModel')
 3 [internal function]: CodeIgniter\Autoloader\Autoloader->loadClass('App\\Models\\AdminPagesGrandMasterModel')
 4 APPPATH\Controllers\AdminPagesGrandMaster.php(13): spl_autoload_call('App\\Models\\AdminPagesGrandMasterModel')
 5 SYSTEMPATH\CodeIgniter.php(896): App\Controllers\AdminPagesGrandMaster->index()
 6 SYSTEMPATH\CodeIgniter.php(466): CodeIgniter\CodeIgniter->runController(Object(App\Controllers\AdminPagesGrandMaster))
 7 SYSTEMPATH\CodeIgniter.php(349): CodeIgniter\CodeIgniter->handleRequest(null, Object(Config\Cache), false)
 8 FCPATH\index.php(55): CodeIgniter\CodeIgniter->run()
CRITICAL - 2022-08-10 12:36:34 --> Array to string conversion
in APPPATH\Controllers\AdminPagesGrandMaster.php on line 17.
 1 APPPATH\Controllers\AdminPagesGrandMaster.php(17): CodeIgniter\Debug\Exceptions->errorHandler(8, 'Array to string conversion', 'APPPATH\\Controllers\\AdminPagesGrandMaster.php', 17, [...])
 2 SYSTEMPATH\CodeIgniter.php(896): App\Controllers\AdminPagesGrandMaster->index()
 3 SYSTEMPATH\CodeIgniter.php(466): CodeIgniter\CodeIgniter->runController(Object(App\Controllers\AdminPagesGrandMaster))
 4 SYSTEMPATH\CodeIgniter.php(349): CodeIgniter\CodeIgniter->handleRequest(null, Object(Config\Cache), false)
 5 FCPATH\index.php(55): CodeIgniter\CodeIgniter->run()
CRITICAL - 2022-08-10 12:37:12 --> Trying to get property 'admin_page_name' of non-object
in APPPATH\Controllers\AdminPagesGrandMaster.php on line 17.
 1 APPPATH\Controllers\AdminPagesGrandMaster.php(17): CodeIgniter\Debug\Exceptions->errorHandler(8, 'Trying to get property \'admin_page_name\' of non-object', 'APPPATH\\Controllers\\AdminPagesGrandMaster.php', 17, [...])
 2 SYSTEMPATH\CodeIgniter.php(896): App\Controllers\AdminPagesGrandMaster->index()
 3 SYSTEMPATH\CodeIgniter.php(466): CodeIgniter\CodeIgniter->runController(Object(App\Controllers\AdminPagesGrandMaster))
 4 SYSTEMPATH\CodeIgniter.php(349): CodeIgniter\CodeIgniter->handleRequest(null, Object(Config\Cache), false)
 5 FCPATH\index.php(55): CodeIgniter\CodeIgniter->run()
CRITICAL - 2022-08-10 12:37:58 --> Array to string conversion
in APPPATH\Controllers\AdminPagesGrandMaster.php on line 17.
 1 APPPATH\Controllers\AdminPagesGrandMaster.php(17): CodeIgniter\Debug\Exceptions->errorHandler(8, 'Array to string conversion', 'APPPATH\\Controllers\\AdminPagesGrandMaster.php', 17, [...])
 2 SYSTEMPATH\CodeIgniter.php(896): App\Controllers\AdminPagesGrandMaster->index()
 3 SYSTEMPATH\CodeIgniter.php(466): CodeIgniter\CodeIgniter->runController(Object(App\Controllers\AdminPagesGrandMaster))
 4 SYSTEMPATH\CodeIgniter.php(349): CodeIgniter\CodeIgniter->handleRequest(null, Object(Config\Cache), false)
 5 FCPATH\index.php(55): CodeIgniter\CodeIgniter->run()
CRITICAL - 2022-08-10 12:38:12 --> Trying to get property 'pagenames' of non-object
in APPPATH\Controllers\AdminPagesGrandMaster.php on line 17.
 1 APPPATH\Controllers\AdminPagesGrandMaster.php(17): CodeIgniter\Debug\Exceptions->errorHandler(8, 'Trying to get property \'pagenames\' of non-object', 'APPPATH\\Controllers\\AdminPagesGrandMaster.php', 17, [...])
 2 SYSTEMPATH\CodeIgniter.php(896): App\Controllers\AdminPagesGrandMaster->index()
 3 SYSTEMPATH\CodeIgniter.php(466): CodeIgniter\CodeIgniter->runController(Object(App\Controllers\AdminPagesGrandMaster))
 4 SYSTEMPATH\CodeIgniter.php(349): CodeIgniter\CodeIgniter->handleRequest(null, Object(Config\Cache), false)
 5 FCPATH\index.php(55): CodeIgniter\CodeIgniter->run()
CRITICAL - 2022-08-10 12:38:38 --> Array to string conversion
in APPPATH\Controllers\AdminPagesGrandMaster.php on line 17.
 1 [internal function]: CodeIgniter\Debug\Exceptions->errorHandler(8, 'Array to string conversion', 'APPPATH\\Controllers\\AdminPagesGrandMaster.php', 17, [...])
 2 APPPATH\Controllers\AdminPagesGrandMaster.php(17): implode('C:\\xampp\\htdocs\\devignProject', [...])
 3 SYSTEMPATH\CodeIgniter.php(896): App\Controllers\AdminPagesGrandMaster->index()
 4 SYSTEMPATH\CodeIgniter.php(466): CodeIgniter\CodeIgniter->runController(Object(App\Controllers\AdminPagesGrandMaster))
 5 SYSTEMPATH\CodeIgniter.php(349): CodeIgniter\CodeIgniter->handleRequest(null, Object(Config\Cache), false)
 6 FCPATH\index.php(55): CodeIgniter\CodeIgniter->run()
CRITICAL - 2022-08-10 12:40:41 --> Array to string conversion
in APPPATH\Controllers\AdminPagesGrandMaster.php on line 19.
 1 APPPATH\Controllers\AdminPagesGrandMaster.php(19): CodeIgniter\Debug\Exceptions->errorHandler(8, 'Array to string conversion', 'APPPATH\\Controllers\\AdminPagesGrandMaster.php', 19, [...])
 2 SYSTEMPATH\CodeIgniter.php(896): App\Controllers\AdminPagesGrandMaster->index()
 3 SYSTEMPATH\CodeIgniter.php(466): CodeIgniter\CodeIgniter->runController(Object(App\Controllers\AdminPagesGrandMaster))
 4 SYSTEMPATH\CodeIgniter.php(349): CodeIgniter\CodeIgniter->handleRequest(null, Object(Config\Cache), false)
 5 FCPATH\index.php(55): CodeIgniter\CodeIgniter->run()
CRITICAL - 2022-08-10 12:41:15 --> Array to string conversion
in APPPATH\Controllers\AdminPagesGrandMaster.php on line 19.
 1 [internal function]: CodeIgniter\Debug\Exceptions->errorHandler(8, 'Array to string conversion', 'APPPATH\\Controllers\\AdminPagesGrandMaster.php', 19, [...])
 2 APPPATH\Controllers\AdminPagesGrandMaster.php(19): implode('C:\\xampp\\htdocs\\devignProject', [...])
 3 SYSTEMPATH\CodeIgniter.php(896): App\Controllers\AdminPagesGrandMaster->index()
 4 SYSTEMPATH\CodeIgniter.php(466): CodeIgniter\CodeIgniter->runController(Object(App\Controllers\AdminPagesGrandMaster))
 5 SYSTEMPATH\CodeIgniter.php(349): CodeIgniter\CodeIgniter->handleRequest(null, Object(Config\Cache), false)
 6 FCPATH\index.php(55): CodeIgniter\CodeIgniter->run()
CRITICAL - 2022-08-10 12:41:40 --> Array to string conversion
in APPPATH\Controllers\AdminPagesGrandMaster.php on line 19.
 1 APPPATH\Controllers\AdminPagesGrandMaster.php(19): CodeIgniter\Debug\Exceptions->errorHandler(8, 'Array to string conversion', 'APPPATH\\Controllers\\AdminPagesGrandMaster.php', 19, [...])
 2 SYSTEMPATH\CodeIgniter.php(896): App\Controllers\AdminPagesGrandMaster->index()
 3 SYSTEMPATH\CodeIgniter.php(466): CodeIgniter\CodeIgniter->runController(Object(App\Controllers\AdminPagesGrandMaster))
 4 SYSTEMPATH\CodeIgniter.php(349): CodeIgniter\CodeIgniter->handleRequest(null, Object(Config\Cache), false)
 5 FCPATH\index.php(55): CodeIgniter\CodeIgniter->run()
CRITICAL - 2022-08-10 12:41:57 --> Array to string conversion
in APPPATH\Controllers\AdminPagesGrandMaster.php on line 19.
 1 APPPATH\Controllers\AdminPagesGrandMaster.php(19): CodeIgniter\Debug\Exceptions->errorHandler(8, 'Array to string conversion', 'APPPATH\\Controllers\\AdminPagesGrandMaster.php', 19, [...])
 2 SYSTEMPATH\CodeIgniter.php(896): App\Controllers\AdminPagesGrandMaster->index()
 3 SYSTEMPATH\CodeIgniter.php(466): CodeIgniter\CodeIgniter->runController(Object(App\Controllers\AdminPagesGrandMaster))
 4 SYSTEMPATH\CodeIgniter.php(349): CodeIgniter\CodeIgniter->handleRequest(null, Object(Config\Cache), false)
 5 FCPATH\index.php(55): CodeIgniter\CodeIgniter->run()
CRITICAL - 2022-08-10 12:42:02 --> Trying to get property 'pagenames' of non-object
in APPPATH\Controllers\AdminPagesGrandMaster.php on line 19.
 1 APPPATH\Controllers\AdminPagesGrandMaster.php(19): CodeIgniter\Debug\Exceptions->errorHandler(8, 'Trying to get property \'pagenames\' of non-object', 'APPPATH\\Controllers\\AdminPagesGrandMaster.php', 19, [...])
 2 SYSTEMPATH\CodeIgniter.php(896): App\Controllers\AdminPagesGrandMaster->index()
 3 SYSTEMPATH\CodeIgniter.php(466): CodeIgniter\CodeIgniter->runController(Object(App\Controllers\AdminPagesGrandMaster))
 4 SYSTEMPATH\CodeIgniter.php(349): CodeIgniter\CodeIgniter->handleRequest(null, Object(Config\Cache), false)
 5 FCPATH\index.php(55): CodeIgniter\CodeIgniter->run()
CRITICAL - 2022-08-10 12:42:34 --> syntax error, unexpected '$d' (T_VARIABLE)
in APPPATH\Controllers\AdminPagesGrandMaster.php on line 19.
 1 SYSTEMPATH\Router\Router.php(499): CodeIgniter\Router\AutoRouter->getRoute('adminpagesgrandmaster')
 2 SYSTEMPATH\Router\Router.php(205): CodeIgniter\Router\Router->autoRoute('adminpagesgrandmaster')
 3 SYSTEMPATH\CodeIgniter.php(771): CodeIgniter\Router\Router->handle('adminpagesgrandmaster')
 4 SYSTEMPATH\CodeIgniter.php(415): CodeIgniter\CodeIgniter->tryToRouteIt(Object(CodeIgniter\Router\RouteCollection))
 5 SYSTEMPATH\CodeIgniter.php(349): CodeIgniter\CodeIgniter->handleRequest(null, Object(Config\Cache), false)
 6 FCPATH\index.php(55): CodeIgniter\CodeIgniter->run()
CRITICAL - 2022-08-10 12:43:23 --> syntax error, unexpected '$d' (T_VARIABLE)
in APPPATH\Controllers\AdminPagesGrandMaster.php on line 19.
 1 SYSTEMPATH\Router\Router.php(499): CodeIgniter\Router\AutoRouter->getRoute('adminpagesgrandmaster')
 2 SYSTEMPATH\Router\Router.php(205): CodeIgniter\Router\Router->autoRoute('adminpagesgrandmaster')
 3 SYSTEMPATH\CodeIgniter.php(771): CodeIgniter\Router\Router->handle('adminpagesgrandmaster')
 4 SYSTEMPATH\CodeIgniter.php(415): CodeIgniter\CodeIgniter->tryToRouteIt(Object(CodeIgniter\Router\RouteCollection))
 5 SYSTEMPATH\CodeIgniter.php(349): CodeIgniter\CodeIgniter->handleRequest(null, Object(Config\Cache), false)
 6 FCPATH\index.php(55): CodeIgniter\CodeIgniter->run()
CRITICAL - 2022-08-10 12:43:46 --> syntax error, unexpected '$d' (T_VARIABLE)
in APPPATH\Controllers\AdminPagesGrandMaster.php on line 17.
 1 SYSTEMPATH\Router\Router.php(499): CodeIgniter\Router\AutoRouter->getRoute('adminpagesgrandmaster')
 2 SYSTEMPATH\Router\Router.php(205): CodeIgniter\Router\Router->autoRoute('adminpagesgrandmaster')
 3 SYSTEMPATH\CodeIgniter.php(771): CodeIgniter\Router\Router->handle('adminpagesgrandmaster')
 4 SYSTEMPATH\CodeIgniter.php(415): CodeIgniter\CodeIgniter->tryToRouteIt(Object(CodeIgniter\Router\RouteCollection))
 5 SYSTEMPATH\CodeIgniter.php(349): CodeIgniter\CodeIgniter->handleRequest(null, Object(Config\Cache), false)
 6 FCPATH\index.php(55): CodeIgniter\CodeIgniter->run()
CRITICAL - 2022-08-10 12:43:56 --> syntax error, unexpected '$data' (T_VARIABLE)
in APPPATH\Controllers\AdminPagesGrandMaster.php on line 17.
 1 SYSTEMPATH\Router\Router.php(499): CodeIgniter\Router\AutoRouter->getRoute('adminpagesgrandmaster')
 2 SYSTEMPATH\Router\Router.php(205): CodeIgniter\Router\Router->autoRoute('adminpagesgrandmaster')
 3 SYSTEMPATH\CodeIgniter.php(771): CodeIgniter\Router\Router->handle('adminpagesgrandmaster')
 4 SYSTEMPATH\CodeIgniter.php(415): CodeIgniter\CodeIgniter->tryToRouteIt(Object(CodeIgniter\Router\RouteCollection))
 5 SYSTEMPATH\CodeIgniter.php(349): CodeIgniter\CodeIgniter->handleRequest(null, Object(Config\Cache), false)
 6 FCPATH\index.php(55): CodeIgniter\CodeIgniter->run()
CRITICAL - 2022-08-10 12:44:52 --> Use of undefined constant data - assumed 'data' (this will throw an Error in a future version of PHP)
in APPPATH\Controllers\AdminPagesGrandMaster.php on line 17.
 1 APPPATH\Controllers\AdminPagesGrandMaster.php(17): CodeIgniter\Debug\Exceptions->errorHandler(2, 'Use of undefined constant data - assumed \'data\' (this will throw an Error in a future version of PHP)', 'APPPATH\\Controllers\\AdminPagesGrandMaster.php', 17, [...])
 2 SYSTEMPATH\CodeIgniter.php(896): App\Controllers\AdminPagesGrandMaster->index()
 3 SYSTEMPATH\CodeIgniter.php(466): CodeIgniter\CodeIgniter->runController(Object(App\Controllers\AdminPagesGrandMaster))
 4 SYSTEMPATH\CodeIgniter.php(349): CodeIgniter\CodeIgniter->handleRequest(null, Object(Config\Cache), false)
 5 FCPATH\index.php(55): CodeIgniter\CodeIgniter->run()
CRITICAL - 2022-08-10 12:46:38 --> Trying to get property 'admin_page_name' of non-object
in APPPATH\Controllers\AdminPagesGrandMaster.php on line 19.
 1 APPPATH\Controllers\AdminPagesGrandMaster.php(19): CodeIgniter\Debug\Exceptions->errorHandler(8, 'Trying to get property \'admin_page_name\' of non-object', 'APPPATH\\Controllers\\AdminPagesGrandMaster.php', 19, [...])
 2 SYSTEMPATH\CodeIgniter.php(896): App\Controllers\AdminPagesGrandMaster->index()
 3 SYSTEMPATH\CodeIgniter.php(466): CodeIgniter\CodeIgniter->runController(Object(App\Controllers\AdminPagesGrandMaster))
 4 SYSTEMPATH\CodeIgniter.php(349): CodeIgniter\CodeIgniter->handleRequest(null, Object(Config\Cache), false)
 5 FCPATH\index.php(55): CodeIgniter\CodeIgniter->run()
CRITICAL - 2022-08-10 12:47:22 --> Array to string conversion
in APPPATH\Controllers\AdminPagesGrandMaster.php on line 19.
 1 APPPATH\Controllers\AdminPagesGrandMaster.php(19): CodeIgniter\Debug\Exceptions->errorHandler(8, 'Array to string conversion', 'APPPATH\\Controllers\\AdminPagesGrandMaster.php', 19, [...])
 2 SYSTEMPATH\CodeIgniter.php(896): App\Controllers\AdminPagesGrandMaster->index()
 3 SYSTEMPATH\CodeIgniter.php(466): CodeIgniter\CodeIgniter->runController(Object(App\Controllers\AdminPagesGrandMaster))
 4 SYSTEMPATH\CodeIgniter.php(349): CodeIgniter\CodeIgniter->handleRequest(null, Object(Config\Cache), false)
 5 FCPATH\index.php(55): CodeIgniter\CodeIgniter->run()
CRITICAL - 2022-08-10 12:48:17 --> Undefined index: admin_page_name
in APPPATH\Controllers\AdminPagesGrandMaster.php on line 19.
 1 APPPATH\Controllers\AdminPagesGrandMaster.php(19): CodeIgniter\Debug\Exceptions->errorHandler(8, 'Undefined index: admin_page_name', 'APPPATH\\Controllers\\AdminPagesGrandMaster.php', 19, [...])
 2 SYSTEMPATH\CodeIgniter.php(896): App\Controllers\AdminPagesGrandMaster->index()
 3 SYSTEMPATH\CodeIgniter.php(466): CodeIgniter\CodeIgniter->runController(Object(App\Controllers\AdminPagesGrandMaster))
 4 SYSTEMPATH\CodeIgniter.php(349): CodeIgniter\CodeIgniter->handleRequest(null, Object(Config\Cache), false)
 5 FCPATH\index.php(55): CodeIgniter\CodeIgniter->run()
CRITICAL - 2022-08-10 12:56:37 --> syntax error, unexpected '}'
in APPPATH\Controllers\AdminPagesGrandMaster.php on line 20.
 1 SYSTEMPATH\Router\Router.php(499): CodeIgniter\Router\AutoRouter->getRoute('adminpagesgrandmaster')
 2 SYSTEMPATH\Router\Router.php(205): CodeIgniter\Router\Router->autoRoute('adminpagesgrandmaster')
 3 SYSTEMPATH\CodeIgniter.php(771): CodeIgniter\Router\Router->handle('adminpagesgrandmaster')
 4 SYSTEMPATH\CodeIgniter.php(415): CodeIgniter\CodeIgniter->tryToRouteIt(Object(CodeIgniter\Router\RouteCollection))
 5 SYSTEMPATH\CodeIgniter.php(349): CodeIgniter\CodeIgniter->handleRequest(null, Object(Config\Cache), false)
 6 FCPATH\index.php(55): CodeIgniter\CodeIgniter->run()
CRITICAL - 2022-08-10 12:56:50 --> Trying to get property 'admin_page_name' of non-object
in APPPATH\Controllers\AdminPagesGrandMaster.php on line 18.
 1 APPPATH\Controllers\AdminPagesGrandMaster.php(18): CodeIgniter\Debug\Exceptions->errorHandler(8, 'Trying to get property \'admin_page_name\' of non-object', 'APPPATH\\Controllers\\AdminPagesGrandMaster.php', 18, [...])
 2 SYSTEMPATH\CodeIgniter.php(896): App\Controllers\AdminPagesGrandMaster->index()
 3 SYSTEMPATH\CodeIgniter.php(466): CodeIgniter\CodeIgniter->runController(Object(App\Controllers\AdminPagesGrandMaster))
 4 SYSTEMPATH\CodeIgniter.php(349): CodeIgniter\CodeIgniter->handleRequest(null, Object(Config\Cache), false)
 5 FCPATH\index.php(55): CodeIgniter\CodeIgniter->run()
CRITICAL - 2022-08-10 12:57:16 --> Trying to get property 'pagenames' of non-object
in APPPATH\Controllers\AdminPagesGrandMaster.php on line 18.
 1 APPPATH\Controllers\AdminPagesGrandMaster.php(18): CodeIgniter\Debug\Exceptions->errorHandler(8, 'Trying to get property \'pagenames\' of non-object', 'APPPATH\\Controllers\\AdminPagesGrandMaster.php', 18, [...])
 2 SYSTEMPATH\CodeIgniter.php(896): App\Controllers\AdminPagesGrandMaster->index()
 3 SYSTEMPATH\CodeIgniter.php(466): CodeIgniter\CodeIgniter->runController(Object(App\Controllers\AdminPagesGrandMaster))
 4 SYSTEMPATH\CodeIgniter.php(349): CodeIgniter\CodeIgniter->handleRequest(null, Object(Config\Cache), false)
 5 FCPATH\index.php(55): CodeIgniter\CodeIgniter->run()
CRITICAL - 2022-08-10 12:57:28 --> Trying to get property 'admin_page_name' of non-object
in APPPATH\Controllers\AdminPagesGrandMaster.php on line 18.
 1 APPPATH\Controllers\AdminPagesGrandMaster.php(18): CodeIgniter\Debug\Exceptions->errorHandler(8, 'Trying to get property \'admin_page_name\' of non-object', 'APPPATH\\Controllers\\AdminPagesGrandMaster.php', 18, [...])
 2 SYSTEMPATH\CodeIgniter.php(896): App\Controllers\AdminPagesGrandMaster->index()
 3 SYSTEMPATH\CodeIgniter.php(466): CodeIgniter\CodeIgniter->runController(Object(App\Controllers\AdminPagesGrandMaster))
 4 SYSTEMPATH\CodeIgniter.php(349): CodeIgniter\CodeIgniter->handleRequest(null, Object(Config\Cache), false)
 5 FCPATH\index.php(55): CodeIgniter\CodeIgniter->run()
CRITICAL - 2022-08-10 12:58:12 --> Trying to get property 'admin_page_name' of non-object
in APPPATH\Controllers\AdminPagesGrandMaster.php on line 19.
 1 APPPATH\Controllers\AdminPagesGrandMaster.php(19): CodeIgniter\Debug\Exceptions->errorHandler(8, 'Trying to get property \'admin_page_name\' of non-object', 'APPPATH\\Controllers\\AdminPagesGrandMaster.php', 19, [...])
 2 SYSTEMPATH\CodeIgniter.php(896): App\Controllers\AdminPagesGrandMaster->index()
 3 SYSTEMPATH\CodeIgniter.php(466): CodeIgniter\CodeIgniter->runController(Object(App\Controllers\AdminPagesGrandMaster))
 4 SYSTEMPATH\CodeIgniter.php(349): CodeIgniter\CodeIgniter->handleRequest(null, Object(Config\Cache), false)
 5 FCPATH\index.php(55): CodeIgniter\CodeIgniter->run()
CRITICAL - 2022-08-10 13:02:28 --> Array to string conversion
in APPPATH\Controllers\AdminPagesGrandMaster.php on line 20.
 1 APPPATH\Controllers\AdminPagesGrandMaster.php(20): CodeIgniter\Debug\Exceptions->errorHandler(8, 'Array to string conversion', 'APPPATH\\Controllers\\AdminPagesGrandMaster.php', 20, [...])
 2 SYSTEMPATH\CodeIgniter.php(896): App\Controllers\AdminPagesGrandMaster->index()
 3 SYSTEMPATH\CodeIgniter.php(466): CodeIgniter\CodeIgniter->runController(Object(App\Controllers\AdminPagesGrandMaster))
 4 SYSTEMPATH\CodeIgniter.php(349): CodeIgniter\CodeIgniter->handleRequest(null, Object(Config\Cache), false)
 5 FCPATH\index.php(55): CodeIgniter\CodeIgniter->run()
CRITICAL - 2022-08-10 13:04:42 --> Array to string conversion
in APPPATH\Controllers\AdminPagesGrandMaster.php on line 20.
 1 APPPATH\Controllers\AdminPagesGrandMaster.php(20): CodeIgniter\Debug\Exceptions->errorHandler(8, 'Array to string conversion', 'APPPATH\\Controllers\\AdminPagesGrandMaster.php', 20, [...])
 2 SYSTEMPATH\CodeIgniter.php(896): App\Controllers\AdminPagesGrandMaster->index()
 3 SYSTEMPATH\CodeIgniter.php(466): CodeIgniter\CodeIgniter->runController(Object(App\Controllers\AdminPagesGrandMaster))
 4 SYSTEMPATH\CodeIgniter.php(349): CodeIgniter\CodeIgniter->handleRequest(null, Object(Config\Cache), false)
 5 FCPATH\index.php(55): CodeIgniter\CodeIgniter->run()
CRITICAL - 2022-08-10 13:07:59 --> Call to a member function result_array() on array
in APPPATH\Controllers\AdminPagesGrandMaster.php on line 18.
 1 SYSTEMPATH\CodeIgniter.php(896): App\Controllers\AdminPagesGrandMaster->index()
 2 SYSTEMPATH\CodeIgniter.php(466): CodeIgniter\CodeIgniter->runController(Object(App\Controllers\AdminPagesGrandMaster))
 3 SYSTEMPATH\CodeIgniter.php(349): CodeIgniter\CodeIgniter->handleRequest(null, Object(Config\Cache), false)
 4 FCPATH\index.php(55): CodeIgniter\CodeIgniter->run()
CRITICAL - 2022-08-10 13:08:30 --> Call to a member function result_array() on array
in APPPATH\Controllers\AdminPagesGrandMaster.php on line 18.
 1 SYSTEMPATH\CodeIgniter.php(896): App\Controllers\AdminPagesGrandMaster->index()
 2 SYSTEMPATH\CodeIgniter.php(466): CodeIgniter\CodeIgniter->runController(Object(App\Controllers\AdminPagesGrandMaster))
 3 SYSTEMPATH\CodeIgniter.php(349): CodeIgniter\CodeIgniter->handleRequest(null, Object(Config\Cache), false)
 4 FCPATH\index.php(55): CodeIgniter\CodeIgniter->run()
CRITICAL - 2022-08-10 13:19:48 --> Undefined variable: query
in APPPATH\Models\AdminPagesGrandMasterModel.php on line 24.
 1 APPPATH\Models\AdminPagesGrandMasterModel.php(24): CodeIgniter\Debug\Exceptions->errorHandler(8, 'Undefined variable: query', 'APPPATH\\Models\\AdminPagesGrandMasterModel.php', 24, [...])
 2 APPPATH\Controllers\AdminPagesGrandMaster.php(16): App\Models\AdminPagesGrandMasterModel->getDistinctPageNames()
 3 SYSTEMPATH\CodeIgniter.php(896): App\Controllers\AdminPagesGrandMaster->index()
 4 SYSTEMPATH\CodeIgniter.php(466): CodeIgniter\CodeIgniter->runController(Object(App\Controllers\AdminPagesGrandMaster))
 5 SYSTEMPATH\CodeIgniter.php(349): CodeIgniter\CodeIgniter->handleRequest(null, Object(Config\Cache), false)
 6 FCPATH\index.php(55): CodeIgniter\CodeIgniter->run()
CRITICAL - 2022-08-10 13:20:20 --> Undefined variable: data
in APPPATH\Models\AdminPagesGrandMasterModel.php on line 29.
 1 APPPATH\Models\AdminPagesGrandMasterModel.php(29): CodeIgniter\Debug\Exceptions->errorHandler(8, 'Undefined variable: data', 'APPPATH\\Models\\AdminPagesGrandMasterModel.php', 29, [...])
 2 APPPATH\Controllers\AdminPagesGrandMaster.php(16): App\Models\AdminPagesGrandMasterModel->getDistinctPageNames()
 3 SYSTEMPATH\CodeIgniter.php(896): App\Controllers\AdminPagesGrandMaster->index()
 4 SYSTEMPATH\CodeIgniter.php(466): CodeIgniter\CodeIgniter->runController(Object(App\Controllers\AdminPagesGrandMaster))
 5 SYSTEMPATH\CodeIgniter.php(349): CodeIgniter\CodeIgniter->handleRequest(null, Object(Config\Cache), false)
 6 FCPATH\index.php(55): CodeIgniter\CodeIgniter->run()
CRITICAL - 2022-08-10 13:20:32 --> Call to a member function result_array() on null
in APPPATH\Controllers\AdminPagesGrandMaster.php on line 18.
 1 SYSTEMPATH\CodeIgniter.php(896): App\Controllers\AdminPagesGrandMaster->index()
 2 SYSTEMPATH\CodeIgniter.php(466): CodeIgniter\CodeIgniter->runController(Object(App\Controllers\AdminPagesGrandMaster))
 3 SYSTEMPATH\CodeIgniter.php(349): CodeIgniter\CodeIgniter->handleRequest(null, Object(Config\Cache), false)
 4 FCPATH\index.php(55): CodeIgniter\CodeIgniter->run()
CRITICAL - 2022-08-10 13:21:13 --> Call to a member function result_array() on null
in APPPATH\Controllers\AdminPagesGrandMaster.php on line 18.
 1 SYSTEMPATH\CodeIgniter.php(896): App\Controllers\AdminPagesGrandMaster->index()
 2 SYSTEMPATH\CodeIgniter.php(466): CodeIgniter\CodeIgniter->runController(Object(App\Controllers\AdminPagesGrandMaster))
 3 SYSTEMPATH\CodeIgniter.php(349): CodeIgniter\CodeIgniter->handleRequest(null, Object(Config\Cache), false)
 4 FCPATH\index.php(55): CodeIgniter\CodeIgniter->run()
CRITICAL - 2022-08-10 13:24:48 --> Undefined variable: data
in APPPATH\Models\AdminPagesGrandMasterModel.php on line 24.
 1 APPPATH\Models\AdminPagesGrandMasterModel.php(24): CodeIgniter\Debug\Exceptions->errorHandler(8, 'Undefined variable: data', 'APPPATH\\Models\\AdminPagesGrandMasterModel.php', 24, [...])
 2 APPPATH\Controllers\AdminPagesGrandMaster.php(16): App\Models\AdminPagesGrandMasterModel->getDistinctPageNames()
 3 SYSTEMPATH\CodeIgniter.php(896): App\Controllers\AdminPagesGrandMaster->index()
 4 SYSTEMPATH\CodeIgniter.php(466): CodeIgniter\CodeIgniter->runController(Object(App\Controllers\AdminPagesGrandMaster))
 5 SYSTEMPATH\CodeIgniter.php(349): CodeIgniter\CodeIgniter->handleRequest(null, Object(Config\Cache), false)
 6 FCPATH\index.php(55): CodeIgniter\CodeIgniter->run()
CRITICAL - 2022-08-10 13:25:27 --> Undefined property: mysqli::$admin_page_name
in APPPATH\Controllers\AdminPagesGrandMaster.php on line 19.
 1 APPPATH\Controllers\AdminPagesGrandMaster.php(19): CodeIgniter\Debug\Exceptions->errorHandler(8, 'Undefined property: mysqli::$admin_page_name', 'APPPATH\\Controllers\\AdminPagesGrandMaster.php', 19, [...])
 2 SYSTEMPATH\CodeIgniter.php(896): App\Controllers\AdminPagesGrandMaster->index()
 3 SYSTEMPATH\CodeIgniter.php(466): CodeIgniter\CodeIgniter->runController(Object(App\Controllers\AdminPagesGrandMaster))
 4 SYSTEMPATH\CodeIgniter.php(349): CodeIgniter\CodeIgniter->handleRequest(null, Object(Config\Cache), false)
 5 FCPATH\index.php(55): CodeIgniter\CodeIgniter->run()
CRITICAL - 2022-08-10 13:25:54 --> syntax error, unexpected '}', expecting ';' or ','
in APPPATH\Controllers\AdminPagesGrandMaster.php on line 20.
 1 SYSTEMPATH\Router\Router.php(499): CodeIgniter\Router\AutoRouter->getRoute('adminpagesgrandmaster')
 2 SYSTEMPATH\Router\Router.php(205): CodeIgniter\Router\Router->autoRoute('adminpagesgrandmaster')
 3 SYSTEMPATH\CodeIgniter.php(771): CodeIgniter\Router\Router->handle('adminpagesgrandmaster')
 4 SYSTEMPATH\CodeIgniter.php(415): CodeIgniter\CodeIgniter->tryToRouteIt(Object(CodeIgniter\Router\RouteCollection))
 5 SYSTEMPATH\CodeIgniter.php(349): CodeIgniter\CodeIgniter->handleRequest(null, Object(Config\Cache), false)
 6 FCPATH\index.php(55): CodeIgniter\CodeIgniter->run()
CRITICAL - 2022-08-10 13:26:03 --> Object of class mysqli could not be converted to string
in APPPATH\Controllers\AdminPagesGrandMaster.php on line 19.
 1 SYSTEMPATH\CodeIgniter.php(896): App\Controllers\AdminPagesGrandMaster->index()
 2 SYSTEMPATH\CodeIgniter.php(466): CodeIgniter\CodeIgniter->runController(Object(App\Controllers\AdminPagesGrandMaster))
 3 SYSTEMPATH\CodeIgniter.php(349): CodeIgniter\CodeIgniter->handleRequest(null, Object(Config\Cache), false)
 4 FCPATH\index.php(55): CodeIgniter\CodeIgniter->run()
CRITICAL - 2022-08-10 13:26:40 --> implode(): Invalid arguments passed
in APPPATH\Controllers\AdminPagesGrandMaster.php on line 19.
 1 [internal function]: CodeIgniter\Debug\Exceptions->errorHandler(2, 'implode(): Invalid arguments passed', 'APPPATH\\Controllers\\AdminPagesGrandMaster.php', 19, [...])
 2 APPPATH\Controllers\AdminPagesGrandMaster.php(19): implode('C:\\xampp\\htdocs\\devignProject', Object(mysqli))
 3 SYSTEMPATH\CodeIgniter.php(896): App\Controllers\AdminPagesGrandMaster->index()
 4 SYSTEMPATH\CodeIgniter.php(466): CodeIgniter\CodeIgniter->runController(Object(App\Controllers\AdminPagesGrandMaster))
 5 SYSTEMPATH\CodeIgniter.php(349): CodeIgniter\CodeIgniter->handleRequest(null, Object(Config\Cache), false)
 6 FCPATH\index.php(55): CodeIgniter\CodeIgniter->run()
CRITICAL - 2022-08-10 13:33:04 --> syntax error, unexpected '}'
in APPPATH\Controllers\AdminPagesGrandMaster.php on line 19.
 1 SYSTEMPATH\Router\Router.php(499): CodeIgniter\Router\AutoRouter->getRoute('adminpagesgrandmaster')
 2 SYSTEMPATH\Router\Router.php(205): CodeIgniter\Router\Router->autoRoute('adminpagesgrandmaster')
 3 SYSTEMPATH\CodeIgniter.php(771): CodeIgniter\Router\Router->handle('adminpagesgrandmaster')
 4 SYSTEMPATH\CodeIgniter.php(415): CodeIgniter\CodeIgniter->tryToRouteIt(Object(CodeIgniter\Router\RouteCollection))
 5 SYSTEMPATH\CodeIgniter.php(349): CodeIgniter\CodeIgniter->handleRequest(null, Object(Config\Cache), false)
 6 FCPATH\index.php(55): CodeIgniter\CodeIgniter->run()
CRITICAL - 2022-08-10 13:34:25 --> Undefined property: mysqli::$admin_page_name
in APPPATH\Controllers\AdminPagesGrandMaster.php on line 18.
 1 APPPATH\Controllers\AdminPagesGrandMaster.php(18): CodeIgniter\Debug\Exceptions->errorHandler(8, 'Undefined property: mysqli::$admin_page_name', 'APPPATH\\Controllers\\AdminPagesGrandMaster.php', 18, [...])
 2 SYSTEMPATH\CodeIgniter.php(896): App\Controllers\AdminPagesGrandMaster->index()
 3 SYSTEMPATH\CodeIgniter.php(466): CodeIgniter\CodeIgniter->runController(Object(App\Controllers\AdminPagesGrandMaster))
 4 SYSTEMPATH\CodeIgniter.php(349): CodeIgniter\CodeIgniter->handleRequest(null, Object(Config\Cache), false)
 5 FCPATH\index.php(55): CodeIgniter\CodeIgniter->run()
CRITICAL - 2022-08-10 13:38:14 --> Undefined variable: query
in APPPATH\Models\AdminPagesGrandMasterModel.php on line 22.
 1 APPPATH\Models\AdminPagesGrandMasterModel.php(22): CodeIgniter\Debug\Exceptions->errorHandler(8, 'Undefined variable: query', 'APPPATH\\Models\\AdminPagesGrandMasterModel.php', 22, [...])
 2 APPPATH\Controllers\AdminPagesGrandMaster.php(16): App\Models\AdminPagesGrandMasterModel->getDistinctPageNames()
 3 SYSTEMPATH\CodeIgniter.php(896): App\Controllers\AdminPagesGrandMaster->index()
 4 SYSTEMPATH\CodeIgniter.php(466): CodeIgniter\CodeIgniter->runController(Object(App\Controllers\AdminPagesGrandMaster))
 5 SYSTEMPATH\CodeIgniter.php(349): CodeIgniter\CodeIgniter->handleRequest(null, Object(Config\Cache), false)
 6 FCPATH\index.php(55): CodeIgniter\CodeIgniter->run()
CRITICAL - 2022-08-10 13:39:16 --> Undefined variable: query
in APPPATH\Models\AdminPagesGrandMasterModel.php on line 22.
 1 APPPATH\Models\AdminPagesGrandMasterModel.php(22): CodeIgniter\Debug\Exceptions->errorHandler(8, 'Undefined variable: query', 'APPPATH\\Models\\AdminPagesGrandMasterModel.php', 22, [...])
 2 APPPATH\Controllers\AdminPagesGrandMaster.php(16): App\Models\AdminPagesGrandMasterModel->getDistinctPageNames()
 3 SYSTEMPATH\CodeIgniter.php(896): App\Controllers\AdminPagesGrandMaster->index()
 4 SYSTEMPATH\CodeIgniter.php(466): CodeIgniter\CodeIgniter->runController(Object(App\Controllers\AdminPagesGrandMaster))
 5 SYSTEMPATH\CodeIgniter.php(349): CodeIgniter\CodeIgniter->handleRequest(null, Object(Config\Cache), false)
 6 FCPATH\index.php(55): CodeIgniter\CodeIgniter->run()
CRITICAL - 2022-08-10 13:40:32 --> Trying to get property 'admin_page_name' of non-object
in APPPATH\Controllers\AdminPagesGrandMaster.php on line 18.
 1 APPPATH\Controllers\AdminPagesGrandMaster.php(18): CodeIgniter\Debug\Exceptions->errorHandler(8, 'Trying to get property \'admin_page_name\' of non-object', 'APPPATH\\Controllers\\AdminPagesGrandMaster.php', 18, [...])
 2 SYSTEMPATH\CodeIgniter.php(896): App\Controllers\AdminPagesGrandMaster->index()
 3 SYSTEMPATH\CodeIgniter.php(466): CodeIgniter\CodeIgniter->runController(Object(App\Controllers\AdminPagesGrandMaster))
 4 SYSTEMPATH\CodeIgniter.php(349): CodeIgniter\CodeIgniter->handleRequest(null, Object(Config\Cache), false)
 5 FCPATH\index.php(55): CodeIgniter\CodeIgniter->run()
CRITICAL - 2022-08-10 13:40:55 --> syntax error, unexpected 'public' (T_PUBLIC), expecting end of file
in APPPATH\Controllers\AdminPagesGrandMaster.php on line 25.
 1 SYSTEMPATH\Router\Router.php(499): CodeIgniter\Router\AutoRouter->getRoute('adminpagesgrandmaster')
 2 SYSTEMPATH\Router\Router.php(205): CodeIgniter\Router\Router->autoRoute('adminpagesgrandmaster')
 3 SYSTEMPATH\CodeIgniter.php(771): CodeIgniter\Router\Router->handle('adminpagesgrandmaster')
 4 SYSTEMPATH\CodeIgniter.php(415): CodeIgniter\CodeIgniter->tryToRouteIt(Object(CodeIgniter\Router\RouteCollection))
 5 SYSTEMPATH\CodeIgniter.php(349): CodeIgniter\CodeIgniter->handleRequest(null, Object(Config\Cache), false)
 6 FCPATH\index.php(55): CodeIgniter\CodeIgniter->run()
CRITICAL - 2022-08-10 13:41:23 --> Object of class stdClass could not be converted to string
in APPPATH\Controllers\AdminPagesGrandMaster.php on line 17.
 1 SYSTEMPATH\CodeIgniter.php(896): App\Controllers\AdminPagesGrandMaster->index()
 2 SYSTEMPATH\CodeIgniter.php(466): CodeIgniter\CodeIgniter->runController(Object(App\Controllers\AdminPagesGrandMaster))
 3 SYSTEMPATH\CodeIgniter.php(349): CodeIgniter\CodeIgniter->handleRequest(null, Object(Config\Cache), false)
 4 FCPATH\index.php(55): CodeIgniter\CodeIgniter->run()
CRITICAL - 2022-08-10 13:45:08 --> syntax error, unexpected '=', expecting ';'
in APPPATH\Controllers\AdminPagesGrandMaster.php on line 17.
 1 SYSTEMPATH\Router\Router.php(499): CodeIgniter\Router\AutoRouter->getRoute('adminpagesgrandmaster')
 2 SYSTEMPATH\Router\Router.php(205): CodeIgniter\Router\Router->autoRoute('adminpagesgrandmaster')
 3 SYSTEMPATH\CodeIgniter.php(771): CodeIgniter\Router\Router->handle('adminpagesgrandmaster')
 4 SYSTEMPATH\CodeIgniter.php(415): CodeIgniter\CodeIgniter->tryToRouteIt(Object(CodeIgniter\Router\RouteCollection))
 5 SYSTEMPATH\CodeIgniter.php(349): CodeIgniter\CodeIgniter->handleRequest(null, Object(Config\Cache), false)
 6 FCPATH\index.php(55): CodeIgniter\CodeIgniter->run()
CRITICAL - 2022-08-10 13:45:54 --> syntax error, unexpected '$i' (T_VARIABLE), expecting ';'
in APPPATH\Controllers\AdminPagesGrandMaster.php on line 17.
 1 SYSTEMPATH\Router\Router.php(499): CodeIgniter\Router\AutoRouter->getRoute('adminpagesgrandmaster')
 2 SYSTEMPATH\Router\Router.php(205): CodeIgniter\Router\Router->autoRoute('adminpagesgrandmaster')
 3 SYSTEMPATH\CodeIgniter.php(771): CodeIgniter\Router\Router->handle('adminpagesgrandmaster')
 4 SYSTEMPATH\CodeIgniter.php(415): CodeIgniter\CodeIgniter->tryToRouteIt(Object(CodeIgniter\Router\RouteCollection))
 5 SYSTEMPATH\CodeIgniter.php(349): CodeIgniter\CodeIgniter->handleRequest(null, Object(Config\Cache), false)
 6 FCPATH\index.php(55): CodeIgniter\CodeIgniter->run()
CRITICAL - 2022-08-10 13:46:17 --> Use of undefined constant i - assumed 'i' (this will throw an Error in a future version of PHP)
in APPPATH\Controllers\AdminPagesGrandMaster.php on line 17.
 1 APPPATH\Controllers\AdminPagesGrandMaster.php(17): CodeIgniter\Debug\Exceptions->errorHandler(2, 'Use of undefined constant i - assumed \'i\' (this will throw an Error in a future version of PHP)', 'APPPATH\\Controllers\\AdminPagesGrandMaster.php', 17, [...])
 2 SYSTEMPATH\CodeIgniter.php(896): App\Controllers\AdminPagesGrandMaster->index()
 3 SYSTEMPATH\CodeIgniter.php(466): CodeIgniter\CodeIgniter->runController(Object(App\Controllers\AdminPagesGrandMaster))
 4 SYSTEMPATH\CodeIgniter.php(349): CodeIgniter\CodeIgniter->handleRequest(null, Object(Config\Cache), false)
 5 FCPATH\index.php(55): CodeIgniter\CodeIgniter->run()
CRITICAL - 2022-08-10 13:46:33 --> Use of undefined constant i - assumed 'i' (this will throw an Error in a future version of PHP)
in APPPATH\Controllers\AdminPagesGrandMaster.php on line 18.
 1 APPPATH\Controllers\AdminPagesGrandMaster.php(18): CodeIgniter\Debug\Exceptions->errorHandler(2, 'Use of undefined constant i - assumed \'i\' (this will throw an Error in a future version of PHP)', 'APPPATH\\Controllers\\AdminPagesGrandMaster.php', 18, [...])
 2 SYSTEMPATH\CodeIgniter.php(896): App\Controllers\AdminPagesGrandMaster->index()
 3 SYSTEMPATH\CodeIgniter.php(466): CodeIgniter\CodeIgniter->runController(Object(App\Controllers\AdminPagesGrandMaster))
 4 SYSTEMPATH\CodeIgniter.php(349): CodeIgniter\CodeIgniter->handleRequest(null, Object(Config\Cache), false)
 5 FCPATH\index.php(55): CodeIgniter\CodeIgniter->run()
CRITICAL - 2022-08-10 13:47:01 --> count(): Parameter must be an array or an object that implements Countable
in APPPATH\Controllers\AdminPagesGrandMaster.php on line 18.
 1 [internal function]: CodeIgniter\Debug\Exceptions->errorHandler(2, 'count(): Parameter must be an array or an object that implements Countable', 'APPPATH\\Controllers\\AdminPagesGrandMaster.php', 18, [...])
 2 APPPATH\Controllers\AdminPagesGrandMaster.php(18): count(Object(stdClass))
 3 SYSTEMPATH\CodeIgniter.php(896): App\Controllers\AdminPagesGrandMaster->index()
 4 SYSTEMPATH\CodeIgniter.php(466): CodeIgniter\CodeIgniter->runController(Object(App\Controllers\AdminPagesGrandMaster))
 5 SYSTEMPATH\CodeIgniter.php(349): CodeIgniter\CodeIgniter->handleRequest(null, Object(Config\Cache), false)
 6 FCPATH\index.php(55): CodeIgniter\CodeIgniter->run()
CRITICAL - 2022-08-10 13:48:05 --> Trying to get property 'admin_page_name' of non-object
in APPPATH\Controllers\AdminPagesGrandMaster.php on line 20.
 1 APPPATH\Controllers\AdminPagesGrandMaster.php(20): CodeIgniter\Debug\Exceptions->errorHandler(8, 'Trying to get property \'admin_page_name\' of non-object', 'APPPATH\\Controllers\\AdminPagesGrandMaster.php', 20, [...])
 2 SYSTEMPATH\CodeIgniter.php(896): App\Controllers\AdminPagesGrandMaster->index()
 3 SYSTEMPATH\CodeIgniter.php(466): CodeIgniter\CodeIgniter->runController(Object(App\Controllers\AdminPagesGrandMaster))
 4 SYSTEMPATH\CodeIgniter.php(349): CodeIgniter\CodeIgniter->handleRequest(null, Object(Config\Cache), false)
 5 FCPATH\index.php(55): CodeIgniter\CodeIgniter->run()
CRITICAL - 2022-08-10 13:56:05 --> Call to undefined method CodeIgniter\Database\MySQLi\Connection::get()
in APPPATH\Models\AdminPagesGrandMasterModel.php on line 24.
 1 APPPATH\Controllers\AdminPagesGrandMaster.php(17): App\Models\AdminPagesGrandMasterModel->getDistinctPageNames()
 2 SYSTEMPATH\CodeIgniter.php(896): App\Controllers\AdminPagesGrandMaster->index()
 3 SYSTEMPATH\CodeIgniter.php(466): CodeIgniter\CodeIgniter->runController(Object(App\Controllers\AdminPagesGrandMaster))
 4 SYSTEMPATH\CodeIgniter.php(349): CodeIgniter\CodeIgniter->handleRequest(null, Object(Config\Cache), false)
 5 FCPATH\index.php(55): CodeIgniter\CodeIgniter->run()
CRITICAL - 2022-08-10 13:56:43 --> Call to undefined method CodeIgniter\Database\MySQLi\Connection::get()
in APPPATH\Models\AdminPagesGrandMasterModel.php on line 24.
 1 APPPATH\Controllers\AdminPagesGrandMaster.php(17): App\Models\AdminPagesGrandMasterModel->getDistinctPageNames()
 2 SYSTEMPATH\CodeIgniter.php(896): App\Controllers\AdminPagesGrandMaster->index()
 3 SYSTEMPATH\CodeIgniter.php(466): CodeIgniter\CodeIgniter->runController(Object(App\Controllers\AdminPagesGrandMaster))
 4 SYSTEMPATH\CodeIgniter.php(349): CodeIgniter\CodeIgniter->handleRequest(null, Object(Config\Cache), false)
 5 FCPATH\index.php(55): CodeIgniter\CodeIgniter->run()
CRITICAL - 2022-08-10 13:57:38 --> Call to undefined method CodeIgniter\Database\MySQLi\Connection::getrow()
in APPPATH\Models\AdminPagesGrandMasterModel.php on line 24.
 1 APPPATH\Controllers\AdminPagesGrandMaster.php(17): App\Models\AdminPagesGrandMasterModel->getDistinctPageNames()
 2 SYSTEMPATH\CodeIgniter.php(896): App\Controllers\AdminPagesGrandMaster->index()
 3 SYSTEMPATH\CodeIgniter.php(466): CodeIgniter\CodeIgniter->runController(Object(App\Controllers\AdminPagesGrandMaster))
 4 SYSTEMPATH\CodeIgniter.php(349): CodeIgniter\CodeIgniter->handleRequest(null, Object(Config\Cache), false)
 5 FCPATH\index.php(55): CodeIgniter\CodeIgniter->run()
CRITICAL - 2022-08-10 14:06:49 --> Call to undefined method CodeIgniter\Database\MySQLi\Result::result_array()
in APPPATH\Models\AdminPagesGrandMasterModel.php on line 26.
 1 APPPATH\Controllers\AdminPagesGrandMaster.php(17): App\Models\AdminPagesGrandMasterModel->getDistinctPageNames()
 2 SYSTEMPATH\CodeIgniter.php(896): App\Controllers\AdminPagesGrandMaster->index()
 3 SYSTEMPATH\CodeIgniter.php(466): CodeIgniter\CodeIgniter->runController(Object(App\Controllers\AdminPagesGrandMaster))
 4 SYSTEMPATH\CodeIgniter.php(349): CodeIgniter\CodeIgniter->handleRequest(null, Object(Config\Cache), false)
 5 FCPATH\index.php(55): CodeIgniter\CodeIgniter->run()
CRITICAL - 2022-08-10 14:07:11 --> Call to undefined method CodeIgniter\Database\MySQLi\Result::result()
in APPPATH\Models\AdminPagesGrandMasterModel.php on line 26.
 1 APPPATH\Controllers\AdminPagesGrandMaster.php(17): App\Models\AdminPagesGrandMasterModel->getDistinctPageNames()
 2 SYSTEMPATH\CodeIgniter.php(896): App\Controllers\AdminPagesGrandMaster->index()
 3 SYSTEMPATH\CodeIgniter.php(466): CodeIgniter\CodeIgniter->runController(Object(App\Controllers\AdminPagesGrandMaster))
 4 SYSTEMPATH\CodeIgniter.php(349): CodeIgniter\CodeIgniter->handleRequest(null, Object(Config\Cache), false)
 5 FCPATH\index.php(55): CodeIgniter\CodeIgniter->run()
CRITICAL - 2022-08-10 14:07:28 --> Call to undefined method CodeIgniter\Database\MySQLi\Result::result_array()
in APPPATH\Models\AdminPagesGrandMasterModel.php on line 26.
 1 APPPATH\Controllers\AdminPagesGrandMaster.php(17): App\Models\AdminPagesGrandMasterModel->getDistinctPageNames()
 2 SYSTEMPATH\CodeIgniter.php(896): App\Controllers\AdminPagesGrandMaster->index()
 3 SYSTEMPATH\CodeIgniter.php(466): CodeIgniter\CodeIgniter->runController(Object(App\Controllers\AdminPagesGrandMaster))
 4 SYSTEMPATH\CodeIgniter.php(349): CodeIgniter\CodeIgniter->handleRequest(null, Object(Config\Cache), false)
 5 FCPATH\index.php(55): CodeIgniter\CodeIgniter->run()
CRITICAL - 2022-08-10 14:08:26 --> Call to undefined method CodeIgniter\Database\MySQLi\Result::get()
in APPPATH\Models\AdminPagesGrandMasterModel.php on line 26.
 1 APPPATH\Controllers\AdminPagesGrandMaster.php(17): App\Models\AdminPagesGrandMasterModel->getDistinctPageNames()
 2 SYSTEMPATH\CodeIgniter.php(896): App\Controllers\AdminPagesGrandMaster->index()
 3 SYSTEMPATH\CodeIgniter.php(466): CodeIgniter\CodeIgniter->runController(Object(App\Controllers\AdminPagesGrandMaster))
 4 SYSTEMPATH\CodeIgniter.php(349): CodeIgniter\CodeIgniter->handleRequest(null, Object(Config\Cache), false)
 5 FCPATH\index.php(55): CodeIgniter\CodeIgniter->run()
CRITICAL - 2022-08-10 14:10:59 --> Call to undefined method CodeIgniter\Database\MySQLi\Result::result_array()
in APPPATH\Models\AdminPagesGrandMasterModel.php on line 26.
 1 APPPATH\Controllers\AdminPagesGrandMaster.php(17): App\Models\AdminPagesGrandMasterModel->getDistinctPageNames()
 2 SYSTEMPATH\CodeIgniter.php(896): App\Controllers\AdminPagesGrandMaster->index()
 3 SYSTEMPATH\CodeIgniter.php(466): CodeIgniter\CodeIgniter->runController(Object(App\Controllers\AdminPagesGrandMaster))
 4 SYSTEMPATH\CodeIgniter.php(349): CodeIgniter\CodeIgniter->handleRequest(null, Object(Config\Cache), false)
 5 FCPATH\index.php(55): CodeIgniter\CodeIgniter->run()
CRITICAL - 2022-08-10 14:12:59 --> Call to undefined method CodeIgniter\Database\MySQLi\Result::result_array()
in APPPATH\Models\AdminPagesGrandMasterModel.php on line 27.
 1 APPPATH\Controllers\AdminPagesGrandMaster.php(17): App\Models\AdminPagesGrandMasterModel->getDistinctPageNames()
 2 SYSTEMPATH\CodeIgniter.php(896): App\Controllers\AdminPagesGrandMaster->index()
 3 SYSTEMPATH\CodeIgniter.php(466): CodeIgniter\CodeIgniter->runController(Object(App\Controllers\AdminPagesGrandMaster))
 4 SYSTEMPATH\CodeIgniter.php(349): CodeIgniter\CodeIgniter->handleRequest(null, Object(Config\Cache), false)
 5 FCPATH\index.php(55): CodeIgniter\CodeIgniter->run()
CRITICAL - 2022-08-10 14:22:08 --> Call to undefined method CodeIgniter\Database\MySQLi\Connection::select()
in APPPATH\Models\AdminPagesGrandMasterModel.php on line 22.
 1 APPPATH\Controllers\AdminPagesGrandMaster.php(17): App\Models\AdminPagesGrandMasterModel->getDistinctPageNames()
 2 SYSTEMPATH\CodeIgniter.php(896): App\Controllers\AdminPagesGrandMaster->index()
 3 SYSTEMPATH\CodeIgniter.php(466): CodeIgniter\CodeIgniter->runController(Object(App\Controllers\AdminPagesGrandMaster))
 4 SYSTEMPATH\CodeIgniter.php(349): CodeIgniter\CodeIgniter->handleRequest(null, Object(Config\Cache), false)
 5 FCPATH\index.php(55): CodeIgniter\CodeIgniter->run()
CRITICAL - 2022-08-10 14:26:48 --> Undefined variable: builder
in APPPATH\Models\AdminPagesGrandMasterModel.php on line 23.
 1 APPPATH\Models\AdminPagesGrandMasterModel.php(23): CodeIgniter\Debug\Exceptions->errorHandler(8, 'Undefined variable: builder', 'APPPATH\\Models\\AdminPagesGrandMasterModel.php', 23, [...])
 2 APPPATH\Controllers\AdminPagesGrandMaster.php(17): App\Models\AdminPagesGrandMasterModel->getDistinctPageNames()
 3 SYSTEMPATH\CodeIgniter.php(896): App\Controllers\AdminPagesGrandMaster->index()
 4 SYSTEMPATH\CodeIgniter.php(466): CodeIgniter\CodeIgniter->runController(Object(App\Controllers\AdminPagesGrandMaster))
 5 SYSTEMPATH\CodeIgniter.php(349): CodeIgniter\CodeIgniter->handleRequest(null, Object(Config\Cache), false)
 6 FCPATH\index.php(55): CodeIgniter\CodeIgniter->run()
ERROR - 2022-08-10 14:27:34 --> Unknown column 'select admin_page_name from' in 'field list'
CRITICAL - 2022-08-10 14:27:34 --> Unknown column 'select admin_page_name from' in 'field list'
in SYSTEMPATH\Database\MySQLi\Connection.php on line 292.
 1 SYSTEMPATH\Database\MySQLi\Connection.php(292): mysqli->query('SELECT `select admin_page_name from` `admin_pages_grand_master`
FROM `admin_pages_grand_master`', 0)
 2 SYSTEMPATH\Database\BaseConnection.php(695): CodeIgniter\Database\MySQLi\Connection->execute('SELECT `select admin_page_name from` `admin_pages_grand_master`
FROM `admin_pages_grand_master`')
 3 SYSTEMPATH\Database\BaseConnection.php(609): CodeIgniter\Database\BaseConnection->simpleQuery('SELECT `select admin_page_name from` `admin_pages_grand_master`
FROM `admin_pages_grand_master`')
 4 SYSTEMPATH\Database\BaseBuilder.php(1585): CodeIgniter\Database\BaseConnection->query('SELECT `select admin_page_name from` `admin_pages_grand_master`
FROM `admin_pages_grand_master`', [], false)
 5 APPPATH\Models\AdminPagesGrandMasterModel.php(24): CodeIgniter\Database\BaseBuilder->get()
 6 APPPATH\Controllers\AdminPagesGrandMaster.php(17): App\Models\AdminPagesGrandMasterModel->getDistinctPageNames()
 7 SYSTEMPATH\CodeIgniter.php(896): App\Controllers\AdminPagesGrandMaster->index()
 8 SYSTEMPATH\CodeIgniter.php(466): CodeIgniter\CodeIgniter->runController(Object(App\Controllers\AdminPagesGrandMaster))
 9 SYSTEMPATH\CodeIgniter.php(349): CodeIgniter\CodeIgniter->handleRequest(null, Object(Config\Cache), false)
10 FCPATH\index.php(55): CodeIgniter\CodeIgniter->run()
CRITICAL - 2022-08-10 14:30:12 --> Undefined variable: data
in APPPATH\Controllers\AdminPagesGrandMaster.php on line 18.
 1 APPPATH\Controllers\AdminPagesGrandMaster.php(18): CodeIgniter\Debug\Exceptions->errorHandler(8, 'Undefined variable: data', 'APPPATH\\Controllers\\AdminPagesGrandMaster.php', 18, [...])
 2 SYSTEMPATH\CodeIgniter.php(896): App\Controllers\AdminPagesGrandMaster->index()
 3 SYSTEMPATH\CodeIgniter.php(466): CodeIgniter\CodeIgniter->runController(Object(App\Controllers\AdminPagesGrandMaster))
 4 SYSTEMPATH\CodeIgniter.php(349): CodeIgniter\CodeIgniter->handleRequest(null, Object(Config\Cache), false)
 5 FCPATH\index.php(55): CodeIgniter\CodeIgniter->run()
CRITICAL - 2022-08-10 14:31:09 --> Array to string conversion
in APPPATH\Controllers\AdminPagesGrandMaster.php on line 20.
 1 APPPATH\Controllers\AdminPagesGrandMaster.php(20): CodeIgniter\Debug\Exceptions->errorHandler(8, 'Array to string conversion', 'APPPATH\\Controllers\\AdminPagesGrandMaster.php', 20, [...])
 2 SYSTEMPATH\CodeIgniter.php(896): App\Controllers\AdminPagesGrandMaster->index()
 3 SYSTEMPATH\CodeIgniter.php(466): CodeIgniter\CodeIgniter->runController(Object(App\Controllers\AdminPagesGrandMaster))
 4 SYSTEMPATH\CodeIgniter.php(349): CodeIgniter\CodeIgniter->handleRequest(null, Object(Config\Cache), false)
 5 FCPATH\index.php(55): CodeIgniter\CodeIgniter->run()
CRITICAL - 2022-08-10 14:34:38 --> syntax error, unexpected 'return' (T_RETURN), expecting function (T_FUNCTION) or const (T_CONST)
in APPPATH\Controllers\AdminPagesGrandMaster.php on line 22.
 1 SYSTEMPATH\Router\Router.php(499): CodeIgniter\Router\AutoRouter->getRoute('adminpagesgrandmaster')
 2 SYSTEMPATH\Router\Router.php(205): CodeIgniter\Router\Router->autoRoute('adminpagesgrandmaster')
 3 SYSTEMPATH\CodeIgniter.php(771): CodeIgniter\Router\Router->handle('adminpagesgrandmaster')
 4 SYSTEMPATH\CodeIgniter.php(415): CodeIgniter\CodeIgniter->tryToRouteIt(Object(CodeIgniter\Router\RouteCollection))
 5 SYSTEMPATH\CodeIgniter.php(349): CodeIgniter\CodeIgniter->handleRequest(null, Object(Config\Cache), false)
 6 FCPATH\index.php(55): CodeIgniter\CodeIgniter->run()
CRITICAL - 2022-08-10 14:34:54 --> Undefined variable: pagenames
in APPPATH\Views\admin\adminpagesgrandmasterList.php on line 107.
 1 APPPATH\Views\admin\adminpagesgrandmasterList.php(107): CodeIgniter\Debug\Exceptions->errorHandler(8, 'Undefined variable: pagenames', 'APPPATH\\Views\\admin\\adminpagesgrandmasterList.php', 107, [...])
 2 SYSTEMPATH\View\View.php(213): include('APPPATH\\Views\\admin\\adminpagesgrandmasterList.php')
 3 SYSTEMPATH\View\View.php(216): CodeIgniter\View\View->CodeIgniter\View\{closure}()
 4 SYSTEMPATH\Common.php(1135): CodeIgniter\View\View->render('admin/adminpagesgrandmasterlist', [], true)
 5 APPPATH\Controllers\AdminPagesGrandMaster.php(19): view('admin/adminpagesgrandmasterlist', [...])
 6 SYSTEMPATH\CodeIgniter.php(896): App\Controllers\AdminPagesGrandMaster->index()
 7 SYSTEMPATH\CodeIgniter.php(466): CodeIgniter\CodeIgniter->runController(Object(App\Controllers\AdminPagesGrandMaster))
 8 SYSTEMPATH\CodeIgniter.php(349): CodeIgniter\CodeIgniter->handleRequest(null, Object(Config\Cache), false)
 9 FCPATH\index.php(55): CodeIgniter\CodeIgniter->run()
